---------- Date: 2014-07-27 18:28:11 ~ IP : 93.120.208.67 ----------
REQUEST URI : /jv/
MOD DETAILS:
   modFile   : /var/www/hipno/data/www/test.com/jv/vqmod/xml/controller.xml
   id        : modify header controller
   version   : 1
   vqmver    : 1.4.1
   author    : Hipno

File Name    : system/engine/controller.php(0)
VQModObject::applyMod - SEARCH NOT FOUND (ABORTING MOD): $this->data['text_logged'] = sprintf($this->language->get('text_logged'), $this->url->link('account/account', '', 'SSL'), $this->customer->getFirstName(), $this->url->link('account/logout', '', 'SSL'));

----------------------------------------------------------------------


---------- Date: 2014-07-27 18:28:15 ~ IP : 93.120.208.67 ----------
REQUEST URI : /jv/
MOD DETAILS:
   modFile   : /var/www/hipno/data/www/test.com/jv/vqmod/xml/controller.xml
   id        : modify header controller
   version   : 1
   vqmver    : 1.4.1
   author    : Hipno

File Name    : system/engine/controller.php(0)
VQModObject::applyMod - SEARCH NOT FOUND (ABORTING MOD): $this->data['text_logged'] = sprintf($this->language->get('text_logged'), $this->url->link('account/account', '', 'SSL'), $this->customer->getFirstName(), $this->url->link('account/logout', '', 'SSL'));

----------------------------------------------------------------------


---------- Date: 2014-07-27 18:30:16 ~ IP : 93.120.208.67 ----------
REQUEST URI : /jv/
MOD DETAILS:
   modFile   : /var/www/hipno/data/www/test.com/jv/vqmod/xml/controller.xml
   id        : modify header controller
   version   : 1
   vqmver    : 1.4.1
   author    : Hipno

File Name    : system/engine/controller.php(0)
VQModObject::applyMod - SEARCH NOT FOUND (ABORTING MOD): $this->data['text_logged'] = sprintf($this->language->get('text_logged'), $this->url->link('account/account', '', 'SSL'), $this->customer->getFirstName(), $this->url->link('account/logout', '', 'SSL'));

----------------------------------------------------------------------


---------- Date: 2014-07-27 21:21:29 ~ IP : 93.120.208.67 ----------
REQUEST URI : /jv/
MOD DETAILS:
   modFile   : /var/www/hipno/data/www/test.com/jv/vqmod/xml/controller.xml
   id        : modify header controller
   version   : 1
   vqmver    : 1.4.1
   author    : Hipno

File Name    : system/engine/controller.php(0)
VQModObject::applyMod - SEARCH NOT FOUND (ABORTING MOD): $this->data['text_logged'] = sprintf($this->language->get('text_logged'), $this->url->link('account/account', '', 'SSL'), $this->customer->getFirstName(), $this->url->link('account/logout', '', 'SSL'));

----------------------------------------------------------------------


---------- Date: 2014-07-27 21:48:46 ~ IP : 93.120.208.67 ----------
REQUEST URI : /jv/
MOD DETAILS:
   modFile   : /var/www/hipno/data/www/test.com/jv/vqmod/xml/controller.xml
   id        : modify header controller
   version   : 1
   vqmver    : 1.4.1
   author    : Hipno

File Name    : system/engine/controller.php(0)
VQModObject::applyMod - SEARCH NOT FOUND (ABORTING MOD): $this->data['text_logged'] = sprintf($this->language->get('text_logged'), $this->url->link('account/account', '', 'SSL'), $this->customer->getFirstName(), $this->url->link('account/logout', '', 'SSL'));

----------------------------------------------------------------------


---------- Date: 2014-07-27 21:49:23 ~ IP : 93.120.208.67 ----------
REQUEST URI : /jv/index.php?route=common/home
MOD DETAILS:
   modFile   : /var/www/hipno/data/www/test.com/jv/vqmod/xml/controller.xml
   id        : modify header controller
   version   : 1
   vqmver    : 1.4.1
   author    : Hipno

File Name    : system/engine/controller.php(0)
VQModObject::applyMod - SEARCH NOT FOUND (ABORTING MOD): $this->data['text_logged'] = sprintf($this->language->get('text_logged'), $this->url->link('account/account', '', 'SSL'), $this->customer->getFirstName(), $this->url->link('account/logout', '', 'SSL'));

----------------------------------------------------------------------


---------- Date: 2014-07-27 21:50:33 ~ IP : 93.120.208.67 ----------
REQUEST URI : /jv/index.php?route=common/home
MOD DETAILS:
   modFile   : /var/www/hipno/data/www/test.com/jv/vqmod/xml/controller.xml
   id        : modify header controller
   version   : 1
   vqmver    : 1.4.1
   author    : Hipno

File Name    : system/engine/controller.php(0)
VQModObject::applyMod - SEARCH NOT FOUND (ABORTING MOD): $this->data['text_logged'] = sprintf($this->language->get('text_logged'), $this->url->link('account/account', '', 'SSL'), $this->customer->getFirstName(), $this->url->link('account/logout', '', 'SSL'));

----------------------------------------------------------------------


---------- Date: 2014-07-27 21:51:11 ~ IP : 93.120.208.67 ----------
REQUEST URI : /jv/admin/
MOD DETAILS:
   modFile   : /var/www/hipno/data/www/test.com/jv/vqmod/xml/controller.xml
   id        : modify header controller
   version   : 1
   vqmver    : 1.4.1
   author    : Hipno

File Name    : system/engine/controller.php(0)
VQModObject::applyMod - SEARCH NOT FOUND (ABORTING MOD): $this->data['text_logged'] = sprintf($this->language->get('text_logged'), $this->url->link('account/account', '', 'SSL'), $this->customer->getFirstName(), $this->url->link('account/logout', '', 'SSL'));

----------------------------------------------------------------------


---------- Date: 2014-07-27 21:51:16 ~ IP : 93.120.208.67 ----------
REQUEST URI : /jv/admin/index.php?route=common/login
MOD DETAILS:
   modFile   : /var/www/hipno/data/www/test.com/jv/vqmod/xml/controller.xml
   id        : modify header controller
   version   : 1
   vqmver    : 1.4.1
   author    : Hipno

File Name    : system/engine/controller.php(0)
VQModObject::applyMod - SEARCH NOT FOUND (ABORTING MOD): $this->data['text_logged'] = sprintf($this->language->get('text_logged'), $this->url->link('account/account', '', 'SSL'), $this->customer->getFirstName(), $this->url->link('account/logout', '', 'SSL'));

----------------------------------------------------------------------


---------- Date: 2014-07-27 21:51:16 ~ IP : 93.120.208.67 ----------
REQUEST URI : /jv/admin/index.php?route=common/home&amp;token=1996afb1ca89ab4033629df7fda21850
MOD DETAILS:
   modFile   : /var/www/hipno/data/www/test.com/jv/vqmod/xml/controller.xml
   id        : modify header controller
   version   : 1
   vqmver    : 1.4.1
   author    : Hipno

File Name    : system/engine/controller.php(0)
VQModObject::applyMod - SEARCH NOT FOUND (ABORTING MOD): $this->data['text_logged'] = sprintf($this->language->get('text_logged'), $this->url->link('account/account', '', 'SSL'), $this->customer->getFirstName(), $this->url->link('account/logout', '', 'SSL'));

----------------------------------------------------------------------


---------- Date: 2014-07-27 21:51:17 ~ IP : 93.120.208.67 ----------
REQUEST URI : /jv/admin/index.php?route=common/home/chart&amp;token=1996afb1ca89ab4033629df7fda21850&amp;range=day
MOD DETAILS:
   modFile   : /var/www/hipno/data/www/test.com/jv/vqmod/xml/controller.xml
   id        : modify header controller
   version   : 1
   vqmver    : 1.4.1
   author    : Hipno

File Name    : system/engine/controller.php(0)
VQModObject::applyMod - SEARCH NOT FOUND (ABORTING MOD): $this->data['text_logged'] = sprintf($this->language->get('text_logged'), $this->url->link('account/account', '', 'SSL'), $this->customer->getFirstName(), $this->url->link('account/logout', '', 'SSL'));

----------------------------------------------------------------------


---------- Date: 2014-07-27 21:51:32 ~ IP : 93.120.208.67 ----------
REQUEST URI : /jv/admin/index.php?route=localisation/language&amp;token=1996afb1ca89ab4033629df7fda21850
MOD DETAILS:
   modFile   : /var/www/hipno/data/www/test.com/jv/vqmod/xml/controller.xml
   id        : modify header controller
   version   : 1
   vqmver    : 1.4.1
   author    : Hipno

File Name    : system/engine/controller.php(0)
VQModObject::applyMod - SEARCH NOT FOUND (ABORTING MOD): $this->data['text_logged'] = sprintf($this->language->get('text_logged'), $this->url->link('account/account', '', 'SSL'), $this->customer->getFirstName(), $this->url->link('account/logout', '', 'SSL'));

----------------------------------------------------------------------


