---------- Date: 2014-09-16 13:24:38 ~ IP : 109.184.241.69 ----------
REQUEST URI : /index.php?route=common/home
MOD DETAILS:
   modFile   : /var/www/html/vqmod/xml/controller.xml
   id        : modify header controller
   version   : 1
   vqmver    : 1.4.1
   author    : Hipno

File Name    : system/engine/controller.php(0)
VQModObject::applyMod - SEARCH NOT FOUND (ABORTING MOD): $this->data['text_logged'] = sprintf($this->language->get('text_logged'), $this->url->link('account/account', '', 'SSL'), $this->customer->getFirstName(), $this->url->link('account/logout', '', 'SSL'));

MOD DETAILS:
   modFile   : /var/www/html/vqmod/xml/seo_url.xml
   id        : modify seo_url controller
   version   : 1
   vqmver    : 1.4.1
   author    : Hipno

File Name    : catalog/controller/common/home.php(0)
VQModObject::applyMod - SEARCH NOT FOUND (ABORTING MOD): return $link;

----------------------------------------------------------------------


---------- Date: 2014-09-16 13:25:35 ~ IP : 109.184.241.69 ----------
REQUEST URI : /index.php?route=common/home
MOD DETAILS:
   modFile   : /var/www/html/vqmod/xml/controller.xml
   id        : modify header controller
   version   : 1
   vqmver    : 1.4.1
   author    : Hipno

File Name    : system/engine/controller.php(0)
VQModObject::applyMod - SEARCH NOT FOUND (ABORTING MOD): $this->data['text_logged'] = sprintf($this->language->get('text_logged'), $this->url->link('account/account', '', 'SSL'), $this->customer->getFirstName(), $this->url->link('account/logout', '', 'SSL'));

----------------------------------------------------------------------


---------- Date: 2014-09-16 14:24:33 ~ IP : 109.184.241.69 ----------
REQUEST URI : /
MOD DETAILS:
   modFile   : /var/www/html/vqmod/xml/controller.xml
   id        : modify header controller
   version   : 1
   vqmver    : 1.4.1
   author    : Hipno

File Name    : system/engine/controller.php(0)
VQModObject::applyMod - SEARCH NOT FOUND (ABORTING MOD): $this->data['text_logged'] = sprintf($this->language->get('text_logged'), $this->url->link('account/account', '', 'SSL'), $this->customer->getFirstName(), $this->url->link('account/logout', '', 'SSL'));

----------------------------------------------------------------------


