---------- Date: 2014-07-23 10:55:17 ~ IP : 93.120.208.67 ----------
REQUEST URI : /jv/
MOD DETAILS:
   modFile   : /var/www/hipno/data/www/test.com/jv/vqmod/xml/controller.xml
   id        : modify header controller
   version   : 1
   vqmver    : 1.4.1
   author    : Hipno

File Name    : system/engine/controller.php(0)
VQModObject::applyMod - SEARCH NOT FOUND (ABORTING MOD): $this->data['text_logged'] = sprintf($this->language->get('text_logged'), $this->url->link('account/account', '', 'SSL'), $this->customer->getFirstName(), $this->url->link('account/logout', '', 'SSL'));

File Name    : catalog/controller/common/home.php(0)
VQModObject::applyMod - SEARCH NOT FOUND (ABORTING MOD): $this->children = array(
			'common/column_left',
			'common/column_right',
			'common/content_top',
			'common/content_bottom',
			'common/footer',
			'common/header'
		);

----------------------------------------------------------------------


---------- Date: 2014-07-23 10:55:52 ~ IP : 93.120.208.67 ----------
REQUEST URI : /jv/
MOD DETAILS:
   modFile   : /var/www/hipno/data/www/test.com/jv/vqmod/xml/controller.xml
   id        : modify header controller
   version   : 1
   vqmver    : 1.4.1
   author    : Hipno

File Name    : system/engine/controller.php(0)
VQModObject::applyMod - SEARCH NOT FOUND (ABORTING MOD): $this->data['text_logged'] = sprintf($this->language->get('text_logged'), $this->url->link('account/account', '', 'SSL'), $this->customer->getFirstName(), $this->url->link('account/logout', '', 'SSL'));

File Name    : catalog/controller/common/home.php(0)
VQModObject::applyMod - SEARCH NOT FOUND (ABORTING MOD): $this->children = array(
			'common/column_left',
			'common/column_right',
			'common/content_top',
			'common/content_bottom',
			'common/footer',
			'common/header'
		);

----------------------------------------------------------------------


---------- Date: 2014-07-23 10:57:22 ~ IP : 93.120.208.67 ----------
REQUEST URI : /jv/
MOD DETAILS:
   modFile   : /var/www/hipno/data/www/test.com/jv/vqmod/xml/controller.xml
   id        : modify header controller
   version   : 1
   vqmver    : 1.4.1
   author    : Hipno

File Name    : system/engine/controller.php(0)
VQModObject::applyMod - SEARCH NOT FOUND (ABORTING MOD): $this->data['text_logged'] = sprintf($this->language->get('text_logged'), $this->url->link('account/account', '', 'SSL'), $this->customer->getFirstName(), $this->url->link('account/logout', '', 'SSL'));

MOD DETAILS:
   modFile   : /var/www/hipno/data/www/test.com/jv/vqmod/xml/home.xml
   id        : modify home controller
   version   : 1
   vqmver    : 1.4.1
   author    : Hipno

File Name    : catalog/controller/common/home.php(0)
VQModObject::applyMod - SEARCH NOT FOUND (ABORTING MOD): $this->children = array(
			'common/column_left',
			'common/column_right',
			'common/content_top',
			'common/content_bottom',
			'common/footer',
			'common/header'
		);

----------------------------------------------------------------------


---------- Date: 2014-07-23 10:59:29 ~ IP : 93.120.208.67 ----------
REQUEST URI : /jv/
MOD DETAILS:
   modFile   : /var/www/hipno/data/www/test.com/jv/vqmod/xml/controller.xml
   id        : modify header controller
   version   : 1
   vqmver    : 1.4.1
   author    : Hipno

File Name    : system/engine/controller.php(0)
VQModObject::applyMod - SEARCH NOT FOUND (ABORTING MOD): $this->data['text_logged'] = sprintf($this->language->get('text_logged'), $this->url->link('account/account', '', 'SSL'), $this->customer->getFirstName(), $this->url->link('account/logout', '', 'SSL'));

MOD DETAILS:
   modFile   : /var/www/hipno/data/www/test.com/jv/vqmod/xml/home.xml
   id        : modify home controller
   version   : 1
   vqmver    : 1.4.1
   author    : Hipno

File Name    : catalog/controller/common/home.php(0)
VQModObject::applyMod - SEARCH NOT FOUND (ABORTING MOD): $this->children = array(
			'common/column_left',
			'common/column_right',
			'common/content_top',
			'common/content_bottom',
			'common/footer',
			'common/header'
		);

----------------------------------------------------------------------


---------- Date: 2014-07-23 11:02:19 ~ IP : 93.120.208.67 ----------
REQUEST URI : /jv/
MOD DETAILS:
   modFile   : /var/www/hipno/data/www/test.com/jv/vqmod/xml/controller.xml
   id        : modify header controller
   version   : 1
   vqmver    : 1.4.1
   author    : Hipno

File Name    : system/engine/controller.php(0)
VQModObject::applyMod - SEARCH NOT FOUND (ABORTING MOD): $this->data['text_logged'] = sprintf($this->language->get('text_logged'), $this->url->link('account/account', '', 'SSL'), $this->customer->getFirstName(), $this->url->link('account/logout', '', 'SSL'));

----------------------------------------------------------------------


---------- Date: 2014-07-23 11:07:26 ~ IP : 93.120.208.67 ----------
REQUEST URI : /jv/admin/index.php?route=module/banner&amp;token=d1d2098a744d40e577a94b741a8f4067
MOD DETAILS:
   modFile   : /var/www/hipno/data/www/test.com/jv/vqmod/xml/controller.xml
   id        : modify header controller
   version   : 1
   vqmver    : 1.4.1
   author    : Hipno

File Name    : system/engine/controller.php(0)
VQModObject::applyMod - SEARCH NOT FOUND (ABORTING MOD): $this->data['text_logged'] = sprintf($this->language->get('text_logged'), $this->url->link('account/account', '', 'SSL'), $this->customer->getFirstName(), $this->url->link('account/logout', '', 'SSL'));

----------------------------------------------------------------------


---------- Date: 2014-07-23 11:11:46 ~ IP : 93.120.208.67 ----------
REQUEST URI : /jv/admin/index.php?route=module/banner&amp;token=d1d2098a744d40e577a94b741a8f4067
MOD DETAILS:
   modFile   : /var/www/hipno/data/www/test.com/jv/vqmod/xml/controller.xml
   id        : modify header controller
   version   : 1
   vqmver    : 1.4.1
   author    : Hipno

File Name    : system/engine/controller.php(0)
VQModObject::applyMod - SEARCH NOT FOUND (ABORTING MOD): $this->data['text_logged'] = sprintf($this->language->get('text_logged'), $this->url->link('account/account', '', 'SSL'), $this->customer->getFirstName(), $this->url->link('account/logout', '', 'SSL'));

----------------------------------------------------------------------


---------- Date: 2014-07-23 11:14:56 ~ IP : 93.120.208.67 ----------
REQUEST URI : /jv/admin/index.php?route=module/banner&amp;token=d1d2098a744d40e577a94b741a8f4067
MOD DETAILS:
   modFile   : /var/www/hipno/data/www/test.com/jv/vqmod/xml/controller.xml
   id        : modify header controller
   version   : 1
   vqmver    : 1.4.1
   author    : Hipno

File Name    : system/engine/controller.php(0)
VQModObject::applyMod - SEARCH NOT FOUND (ABORTING MOD): $this->data['text_logged'] = sprintf($this->language->get('text_logged'), $this->url->link('account/account', '', 'SSL'), $this->customer->getFirstName(), $this->url->link('account/logout', '', 'SSL'));

----------------------------------------------------------------------


---------- Date: 2014-07-23 11:16:04 ~ IP : 93.120.208.67 ----------
REQUEST URI : /jv/admin/index.php?route=module/banner&amp;token=d1d2098a744d40e577a94b741a8f4067
MOD DETAILS:
   modFile   : /var/www/hipno/data/www/test.com/jv/vqmod/xml/controller.xml
   id        : modify header controller
   version   : 1
   vqmver    : 1.4.1
   author    : Hipno

File Name    : system/engine/controller.php(0)
VQModObject::applyMod - SEARCH NOT FOUND (ABORTING MOD): $this->data['text_logged'] = sprintf($this->language->get('text_logged'), $this->url->link('account/account', '', 'SSL'), $this->customer->getFirstName(), $this->url->link('account/logout', '', 'SSL'));

----------------------------------------------------------------------


---------- Date: 2014-07-23 11:16:40 ~ IP : 93.120.208.67 ----------
REQUEST URI : /jv/admin/index.php?route=module/banner&amp;token=d1d2098a744d40e577a94b741a8f4067
MOD DETAILS:
   modFile   : /var/www/hipno/data/www/test.com/jv/vqmod/xml/controller.xml
   id        : modify header controller
   version   : 1
   vqmver    : 1.4.1
   author    : Hipno

File Name    : system/engine/controller.php(0)
VQModObject::applyMod - SEARCH NOT FOUND (ABORTING MOD): $this->data['text_logged'] = sprintf($this->language->get('text_logged'), $this->url->link('account/account', '', 'SSL'), $this->customer->getFirstName(), $this->url->link('account/logout', '', 'SSL'));

----------------------------------------------------------------------


---------- Date: 2014-07-23 11:18:55 ~ IP : 93.120.208.67 ----------
REQUEST URI : /jv/admin/index.php?route=module/banner&amp;token=d1d2098a744d40e577a94b741a8f4067
MOD DETAILS:
   modFile   : /var/www/hipno/data/www/test.com/jv/vqmod/xml/controller.xml
   id        : modify header controller
   version   : 1
   vqmver    : 1.4.1
   author    : Hipno

File Name    : system/engine/controller.php(0)
VQModObject::applyMod - SEARCH NOT FOUND (ABORTING MOD): $this->data['text_logged'] = sprintf($this->language->get('text_logged'), $this->url->link('account/account', '', 'SSL'), $this->customer->getFirstName(), $this->url->link('account/logout', '', 'SSL'));

----------------------------------------------------------------------


---------- Date: 2014-07-23 12:58:14 ~ IP : 93.120.208.67 ----------
REQUEST URI : /jv/admin/index.php?route=module/banner&amp;token=d1d2098a744d40e577a94b741a8f4067
MOD DETAILS:
   modFile   : /var/www/hipno/data/www/test.com/jv/vqmod/xml/controller.xml
   id        : modify header controller
   version   : 1
   vqmver    : 1.4.1
   author    : Hipno

File Name    : system/engine/controller.php(0)
VQModObject::applyMod - SEARCH NOT FOUND (ABORTING MOD): $this->data['text_logged'] = sprintf($this->language->get('text_logged'), $this->url->link('account/account', '', 'SSL'), $this->customer->getFirstName(), $this->url->link('account/logout', '', 'SSL'));

----------------------------------------------------------------------


---------- Date: 2014-07-23 12:58:20 ~ IP : 93.120.208.67 ----------
REQUEST URI : /jv/admin/index.php?route=setting/store&amp;token=d1d2098a744d40e577a94b741a8f4067
MOD DETAILS:
   modFile   : /var/www/hipno/data/www/test.com/jv/vqmod/xml/controller.xml
   id        : modify header controller
   version   : 1
   vqmver    : 1.4.1
   author    : Hipno

File Name    : system/engine/controller.php(0)
VQModObject::applyMod - SEARCH NOT FOUND (ABORTING MOD): $this->data['text_logged'] = sprintf($this->language->get('text_logged'), $this->url->link('account/account', '', 'SSL'), $this->customer->getFirstName(), $this->url->link('account/logout', '', 'SSL'));

----------------------------------------------------------------------


---------- Date: 2014-07-23 12:58:22 ~ IP : 93.120.208.67 ----------
REQUEST URI : /jv/admin/index.php?route=setting/setting&amp;token=d1d2098a744d40e577a94b741a8f4067
MOD DETAILS:
   modFile   : /var/www/hipno/data/www/test.com/jv/vqmod/xml/controller.xml
   id        : modify header controller
   version   : 1
   vqmver    : 1.4.1
   author    : Hipno

File Name    : system/engine/controller.php(0)
VQModObject::applyMod - SEARCH NOT FOUND (ABORTING MOD): $this->data['text_logged'] = sprintf($this->language->get('text_logged'), $this->url->link('account/account', '', 'SSL'), $this->customer->getFirstName(), $this->url->link('account/logout', '', 'SSL'));

----------------------------------------------------------------------


---------- Date: 2014-07-23 12:58:23 ~ IP : 93.120.208.67 ----------
REQUEST URI : /jv/admin/index.php?route=setting/setting/template&amp;token=d1d2098a744d40e577a94b741a8f4067&amp;template=jv
MOD DETAILS:
   modFile   : /var/www/hipno/data/www/test.com/jv/vqmod/xml/controller.xml
   id        : modify header controller
   version   : 1
   vqmver    : 1.4.1
   author    : Hipno

File Name    : system/engine/controller.php(0)
VQModObject::applyMod - SEARCH NOT FOUND (ABORTING MOD): $this->data['text_logged'] = sprintf($this->language->get('text_logged'), $this->url->link('account/account', '', 'SSL'), $this->customer->getFirstName(), $this->url->link('account/logout', '', 'SSL'));

----------------------------------------------------------------------


---------- Date: 2014-07-23 12:58:23 ~ IP : 93.120.208.67 ----------
REQUEST URI : /jv/admin/index.php?route=setting/setting/country&amp;token=d1d2098a744d40e577a94b741a8f4067&amp;country_id=222
MOD DETAILS:
   modFile   : /var/www/hipno/data/www/test.com/jv/vqmod/xml/controller.xml
   id        : modify header controller
   version   : 1
   vqmver    : 1.4.1
   author    : Hipno

File Name    : system/engine/controller.php(0)
VQModObject::applyMod - SEARCH NOT FOUND (ABORTING MOD): $this->data['text_logged'] = sprintf($this->language->get('text_logged'), $this->url->link('account/account', '', 'SSL'), $this->customer->getFirstName(), $this->url->link('account/logout', '', 'SSL'));

----------------------------------------------------------------------


---------- Date: 2014-07-23 12:58:35 ~ IP : 93.120.208.67 ----------
REQUEST URI : /jv/admin/index.php?route=setting/setting&amp;token=d1d2098a744d40e577a94b741a8f4067
MOD DETAILS:
   modFile   : /var/www/hipno/data/www/test.com/jv/vqmod/xml/controller.xml
   id        : modify header controller
   version   : 1
   vqmver    : 1.4.1
   author    : Hipno

File Name    : system/engine/controller.php(0)
VQModObject::applyMod - SEARCH NOT FOUND (ABORTING MOD): $this->data['text_logged'] = sprintf($this->language->get('text_logged'), $this->url->link('account/account', '', 'SSL'), $this->customer->getFirstName(), $this->url->link('account/logout', '', 'SSL'));

----------------------------------------------------------------------


---------- Date: 2014-07-23 12:58:35 ~ IP : 93.120.208.67 ----------
REQUEST URI : /jv/admin/index.php?route=setting/store&amp;token=d1d2098a744d40e577a94b741a8f4067
MOD DETAILS:
   modFile   : /var/www/hipno/data/www/test.com/jv/vqmod/xml/controller.xml
   id        : modify header controller
   version   : 1
   vqmver    : 1.4.1
   author    : Hipno

File Name    : system/engine/controller.php(0)
VQModObject::applyMod - SEARCH NOT FOUND (ABORTING MOD): $this->data['text_logged'] = sprintf($this->language->get('text_logged'), $this->url->link('account/account', '', 'SSL'), $this->customer->getFirstName(), $this->url->link('account/logout', '', 'SSL'));

----------------------------------------------------------------------


---------- Date: 2014-07-23 12:58:37 ~ IP : 93.120.208.67 ----------
REQUEST URI : /jv/admin/index.php?route=extension/module&amp;token=d1d2098a744d40e577a94b741a8f4067
MOD DETAILS:
   modFile   : /var/www/hipno/data/www/test.com/jv/vqmod/xml/controller.xml
   id        : modify header controller
   version   : 1
   vqmver    : 1.4.1
   author    : Hipno

File Name    : system/engine/controller.php(0)
VQModObject::applyMod - SEARCH NOT FOUND (ABORTING MOD): $this->data['text_logged'] = sprintf($this->language->get('text_logged'), $this->url->link('account/account', '', 'SSL'), $this->customer->getFirstName(), $this->url->link('account/logout', '', 'SSL'));

----------------------------------------------------------------------


---------- Date: 2014-07-23 12:58:40 ~ IP : 93.120.208.67 ----------
REQUEST URI : /jv/admin/index.php?route=module/banner&amp;token=d1d2098a744d40e577a94b741a8f4067
MOD DETAILS:
   modFile   : /var/www/hipno/data/www/test.com/jv/vqmod/xml/controller.xml
   id        : modify header controller
   version   : 1
   vqmver    : 1.4.1
   author    : Hipno

File Name    : system/engine/controller.php(0)
VQModObject::applyMod - SEARCH NOT FOUND (ABORTING MOD): $this->data['text_logged'] = sprintf($this->language->get('text_logged'), $this->url->link('account/account', '', 'SSL'), $this->customer->getFirstName(), $this->url->link('account/logout', '', 'SSL'));

----------------------------------------------------------------------


---------- Date: 2014-07-23 12:58:52 ~ IP : 93.120.208.67 ----------
REQUEST URI : /jv/admin/index.php?route=setting/store&amp;token=d1d2098a744d40e577a94b741a8f4067
MOD DETAILS:
   modFile   : /var/www/hipno/data/www/test.com/jv/vqmod/xml/controller.xml
   id        : modify header controller
   version   : 1
   vqmver    : 1.4.1
   author    : Hipno

File Name    : system/engine/controller.php(0)
VQModObject::applyMod - SEARCH NOT FOUND (ABORTING MOD): $this->data['text_logged'] = sprintf($this->language->get('text_logged'), $this->url->link('account/account', '', 'SSL'), $this->customer->getFirstName(), $this->url->link('account/logout', '', 'SSL'));

----------------------------------------------------------------------


---------- Date: 2014-07-23 12:58:56 ~ IP : 93.120.208.67 ----------
REQUEST URI : /jv/admin/index.php?route=setting/setting&amp;token=d1d2098a744d40e577a94b741a8f4067
MOD DETAILS:
   modFile   : /var/www/hipno/data/www/test.com/jv/vqmod/xml/controller.xml
   id        : modify header controller
   version   : 1
   vqmver    : 1.4.1
   author    : Hipno

File Name    : system/engine/controller.php(0)
VQModObject::applyMod - SEARCH NOT FOUND (ABORTING MOD): $this->data['text_logged'] = sprintf($this->language->get('text_logged'), $this->url->link('account/account', '', 'SSL'), $this->customer->getFirstName(), $this->url->link('account/logout', '', 'SSL'));

----------------------------------------------------------------------


---------- Date: 2014-07-23 12:58:57 ~ IP : 93.120.208.67 ----------
REQUEST URI : /jv/admin/index.php?route=setting/setting/template&amp;token=d1d2098a744d40e577a94b741a8f4067&amp;template=jv
MOD DETAILS:
   modFile   : /var/www/hipno/data/www/test.com/jv/vqmod/xml/controller.xml
   id        : modify header controller
   version   : 1
   vqmver    : 1.4.1
   author    : Hipno

File Name    : system/engine/controller.php(0)
VQModObject::applyMod - SEARCH NOT FOUND (ABORTING MOD): $this->data['text_logged'] = sprintf($this->language->get('text_logged'), $this->url->link('account/account', '', 'SSL'), $this->customer->getFirstName(), $this->url->link('account/logout', '', 'SSL'));

----------------------------------------------------------------------


---------- Date: 2014-07-23 12:58:57 ~ IP : 93.120.208.67 ----------
REQUEST URI : /jv/admin/index.php?route=setting/setting/country&amp;token=d1d2098a744d40e577a94b741a8f4067&amp;country_id=222
MOD DETAILS:
   modFile   : /var/www/hipno/data/www/test.com/jv/vqmod/xml/controller.xml
   id        : modify header controller
   version   : 1
   vqmver    : 1.4.1
   author    : Hipno

File Name    : system/engine/controller.php(0)
VQModObject::applyMod - SEARCH NOT FOUND (ABORTING MOD): $this->data['text_logged'] = sprintf($this->language->get('text_logged'), $this->url->link('account/account', '', 'SSL'), $this->customer->getFirstName(), $this->url->link('account/logout', '', 'SSL'));

----------------------------------------------------------------------


---------- Date: 2014-07-23 12:59:04 ~ IP : 93.120.208.67 ----------
REQUEST URI : /jv/admin/index.php?route=setting/setting&amp;token=d1d2098a744d40e577a94b741a8f4067
MOD DETAILS:
   modFile   : /var/www/hipno/data/www/test.com/jv/vqmod/xml/controller.xml
   id        : modify header controller
   version   : 1
   vqmver    : 1.4.1
   author    : Hipno

File Name    : system/engine/controller.php(0)
VQModObject::applyMod - SEARCH NOT FOUND (ABORTING MOD): $this->data['text_logged'] = sprintf($this->language->get('text_logged'), $this->url->link('account/account', '', 'SSL'), $this->customer->getFirstName(), $this->url->link('account/logout', '', 'SSL'));

----------------------------------------------------------------------


---------- Date: 2014-07-23 12:59:04 ~ IP : 93.120.208.67 ----------
REQUEST URI : /jv/admin/index.php?route=setting/store&amp;token=d1d2098a744d40e577a94b741a8f4067
MOD DETAILS:
   modFile   : /var/www/hipno/data/www/test.com/jv/vqmod/xml/controller.xml
   id        : modify header controller
   version   : 1
   vqmver    : 1.4.1
   author    : Hipno

File Name    : system/engine/controller.php(0)
VQModObject::applyMod - SEARCH NOT FOUND (ABORTING MOD): $this->data['text_logged'] = sprintf($this->language->get('text_logged'), $this->url->link('account/account', '', 'SSL'), $this->customer->getFirstName(), $this->url->link('account/logout', '', 'SSL'));

----------------------------------------------------------------------


---------- Date: 2014-07-23 12:59:10 ~ IP : 93.120.208.67 ----------
REQUEST URI : /jv/admin/index.php?route=localisation/language&amp;token=d1d2098a744d40e577a94b741a8f4067
MOD DETAILS:
   modFile   : /var/www/hipno/data/www/test.com/jv/vqmod/xml/controller.xml
   id        : modify header controller
   version   : 1
   vqmver    : 1.4.1
   author    : Hipno

File Name    : system/engine/controller.php(0)
VQModObject::applyMod - SEARCH NOT FOUND (ABORTING MOD): $this->data['text_logged'] = sprintf($this->language->get('text_logged'), $this->url->link('account/account', '', 'SSL'), $this->customer->getFirstName(), $this->url->link('account/logout', '', 'SSL'));

----------------------------------------------------------------------


---------- Date: 2014-07-23 12:59:18 ~ IP : 93.120.208.67 ----------
REQUEST URI : /jv/admin/index.php?route=localisation/language/update&amp;token=d1d2098a744d40e577a94b741a8f4067&amp;language_id=2
MOD DETAILS:
   modFile   : /var/www/hipno/data/www/test.com/jv/vqmod/xml/controller.xml
   id        : modify header controller
   version   : 1
   vqmver    : 1.4.1
   author    : Hipno

File Name    : system/engine/controller.php(0)
VQModObject::applyMod - SEARCH NOT FOUND (ABORTING MOD): $this->data['text_logged'] = sprintf($this->language->get('text_logged'), $this->url->link('account/account', '', 'SSL'), $this->customer->getFirstName(), $this->url->link('account/logout', '', 'SSL'));

----------------------------------------------------------------------


---------- Date: 2014-07-23 12:59:28 ~ IP : 93.120.208.67 ----------
REQUEST URI : /jv/admin/index.php?route=localisation/language/update&amp;token=d1d2098a744d40e577a94b741a8f4067&amp;language_id=2
MOD DETAILS:
   modFile   : /var/www/hipno/data/www/test.com/jv/vqmod/xml/controller.xml
   id        : modify header controller
   version   : 1
   vqmver    : 1.4.1
   author    : Hipno

File Name    : system/engine/controller.php(0)
VQModObject::applyMod - SEARCH NOT FOUND (ABORTING MOD): $this->data['text_logged'] = sprintf($this->language->get('text_logged'), $this->url->link('account/account', '', 'SSL'), $this->customer->getFirstName(), $this->url->link('account/logout', '', 'SSL'));

----------------------------------------------------------------------


---------- Date: 2014-07-23 12:59:28 ~ IP : 93.120.208.67 ----------
REQUEST URI : /jv/admin/index.php?route=localisation/language&amp;token=d1d2098a744d40e577a94b741a8f4067
MOD DETAILS:
   modFile   : /var/www/hipno/data/www/test.com/jv/vqmod/xml/controller.xml
   id        : modify header controller
   version   : 1
   vqmver    : 1.4.1
   author    : Hipno

File Name    : system/engine/controller.php(0)
VQModObject::applyMod - SEARCH NOT FOUND (ABORTING MOD): $this->data['text_logged'] = sprintf($this->language->get('text_logged'), $this->url->link('account/account', '', 'SSL'), $this->customer->getFirstName(), $this->url->link('account/logout', '', 'SSL'));

----------------------------------------------------------------------


---------- Date: 2014-07-23 12:59:40 ~ IP : 93.120.208.67 ----------
REQUEST URI : /jv/
MOD DETAILS:
   modFile   : /var/www/hipno/data/www/test.com/jv/vqmod/xml/controller.xml
   id        : modify header controller
   version   : 1
   vqmver    : 1.4.1
   author    : Hipno

File Name    : system/engine/controller.php(0)
VQModObject::applyMod - SEARCH NOT FOUND (ABORTING MOD): $this->data['text_logged'] = sprintf($this->language->get('text_logged'), $this->url->link('account/account', '', 'SSL'), $this->customer->getFirstName(), $this->url->link('account/logout', '', 'SSL'));

----------------------------------------------------------------------


---------- Date: 2014-07-23 13:22:22 ~ IP : 93.120.208.67 ----------
REQUEST URI : /jv/admin/index.php?route=extension/module&amp;token=d1d2098a744d40e577a94b741a8f4067
MOD DETAILS:
   modFile   : /var/www/hipno/data/www/test.com/jv/vqmod/xml/controller.xml
   id        : modify header controller
   version   : 1
   vqmver    : 1.4.1
   author    : Hipno

File Name    : system/engine/controller.php(0)
VQModObject::applyMod - SEARCH NOT FOUND (ABORTING MOD): $this->data['text_logged'] = sprintf($this->language->get('text_logged'), $this->url->link('account/account', '', 'SSL'), $this->customer->getFirstName(), $this->url->link('account/logout', '', 'SSL'));

MOD DETAILS:
   modFile   : /var/www/hipno/data/www/test.com/jv/vqmod/xml/language.xml
   id        : modify home controller
   version   : 1
   vqmver    : 1.4.1
   author    : Hipno

File Name    : admin/language/russian/module/banner.php(0)
VQModObject::applyMod - SEARCH NOT FOUND (ABORTING MOD): $_['text_content_top']    = 'Центр слева';

----------------------------------------------------------------------


---------- Date: 2014-07-23 13:22:26 ~ IP : 93.120.208.67 ----------
REQUEST URI : /jv/admin/index.php?route=module/banner&amp;token=d1d2098a744d40e577a94b741a8f4067
MOD DETAILS:
   modFile   : /var/www/hipno/data/www/test.com/jv/vqmod/xml/language.xml
   id        : modify home controller
   version   : 1
   vqmver    : 1.4.1
   author    : Hipno

File Name    : admin/language/russian/module/banner.php(0)
VQModObject::applyMod - SEARCH NOT FOUND (ABORTING MOD): $_['text_content_top']    = 'Центр слева';

----------------------------------------------------------------------


---------- Date: 2014-07-23 13:53:05 ~ IP : 93.120.208.67 ----------
REQUEST URI : /jv/admin/index.php?route=extension/module&amp;token=d1d2098a744d40e577a94b741a8f4067
MOD DETAILS:
   modFile   : /var/www/hipno/data/www/test.com/jv/vqmod/xml/language.xml
   id        : modify home controller
   version   : 1
   vqmver    : 1.4.1
   author    : Hipno

File Name    : admin/language/russian/module/banner.php(0)
VQModObject::applyMod - SEARCH NOT FOUND (ABORTING MOD): $_['text_content_top']    = 'Центр слева';

----------------------------------------------------------------------


---------- Date: 2014-07-23 13:53:07 ~ IP : 93.120.208.67 ----------
REQUEST URI : /jv/admin/index.php?route=module/banner&amp;token=d1d2098a744d40e577a94b741a8f4067
MOD DETAILS:
   modFile   : /var/www/hipno/data/www/test.com/jv/vqmod/xml/language.xml
   id        : modify home controller
   version   : 1
   vqmver    : 1.4.1
   author    : Hipno

File Name    : admin/language/russian/module/banner.php(0)
VQModObject::applyMod - SEARCH NOT FOUND (ABORTING MOD): $_['text_content_top']    = 'Центр слева';

----------------------------------------------------------------------


---------- Date: 2014-07-23 14:41:52 ~ IP : 93.120.208.67 ----------
REQUEST URI : /jv/index.php?route=common/home
MOD DETAILS:
   modFile   : /var/www/hipno/data/www/test.com/jv/vqmod/xml/controller.xml
   id        : modify header controller
   version   : 1
   vqmver    : 1.4.1
   author    : Hipno

File Name    : system/engine/controller.php(0)
VQModObject::applyMod - SEARCH NOT FOUND (ABORTING MOD): $this->data['text_logged'] = sprintf($this->language->get('text_logged'), $this->url->link('account/account', '', 'SSL'), $this->customer->getFirstName(), $this->url->link('account/logout', '', 'SSL'));

----------------------------------------------------------------------


---------- Date: 2014-07-23 14:43:11 ~ IP : 93.120.208.67 ----------
REQUEST URI : /jv/index.php?route=common/home
MOD DETAILS:
   modFile   : /var/www/hipno/data/www/test.com/jv/vqmod/xml/controller.xml
   id        : modify header controller
   version   : 1
   vqmver    : 1.4.1
   author    : Hipno

File Name    : system/engine/controller.php(0)
VQModObject::applyMod - SEARCH NOT FOUND (ABORTING MOD): $this->data['text_logged'] = sprintf($this->language->get('text_logged'), $this->url->link('account/account', '', 'SSL'), $this->customer->getFirstName(), $this->url->link('account/logout', '', 'SSL'));

----------------------------------------------------------------------


---------- Date: 2014-07-23 14:45:42 ~ IP : 93.120.208.67 ----------
REQUEST URI : /jv/admin/index.php?route=design/banner/update&amp;token=d1d2098a744d40e577a94b741a8f4067&amp;banner_id=6
MOD DETAILS:
   modFile   : /var/www/hipno/data/www/test.com/jv/vqmod/xml/controller.xml
   id        : modify header controller
   version   : 1
   vqmver    : 1.4.1
   author    : Hipno

File Name    : system/engine/controller.php(0)
VQModObject::applyMod - SEARCH NOT FOUND (ABORTING MOD): $this->data['text_logged'] = sprintf($this->language->get('text_logged'), $this->url->link('account/account', '', 'SSL'), $this->customer->getFirstName(), $this->url->link('account/logout', '', 'SSL'));

----------------------------------------------------------------------


---------- Date: 2014-07-23 14:52:45 ~ IP : 93.120.208.67 ----------
REQUEST URI : /jv/index.php?route=common/home
MOD DETAILS:
   modFile   : /var/www/hipno/data/www/test.com/jv/vqmod/xml/controller.xml
   id        : modify header controller
   version   : 1
   vqmver    : 1.4.1
   author    : Hipno

File Name    : system/engine/controller.php(0)
VQModObject::applyMod - SEARCH NOT FOUND (ABORTING MOD): $this->data['text_logged'] = sprintf($this->language->get('text_logged'), $this->url->link('account/account', '', 'SSL'), $this->customer->getFirstName(), $this->url->link('account/logout', '', 'SSL'));

----------------------------------------------------------------------


---------- Date: 2014-07-23 14:53:51 ~ IP : 93.120.208.67 ----------
REQUEST URI : /jv/index.php?route=common/home
MOD DETAILS:
   modFile   : /var/www/hipno/data/www/test.com/jv/vqmod/xml/controller.xml
   id        : modify header controller
   version   : 1
   vqmver    : 1.4.1
   author    : Hipno

File Name    : system/engine/controller.php(0)
VQModObject::applyMod - SEARCH NOT FOUND (ABORTING MOD): $this->data['text_logged'] = sprintf($this->language->get('text_logged'), $this->url->link('account/account', '', 'SSL'), $this->customer->getFirstName(), $this->url->link('account/logout', '', 'SSL'));

----------------------------------------------------------------------


---------- Date: 2014-07-23 14:54:29 ~ IP : 93.120.208.67 ----------
REQUEST URI : /jv/index.php?route=common/home
MOD DETAILS:
   modFile   : /var/www/hipno/data/www/test.com/jv/vqmod/xml/controller.xml
   id        : modify header controller
   version   : 1
   vqmver    : 1.4.1
   author    : Hipno

File Name    : system/engine/controller.php(0)
VQModObject::applyMod - SEARCH NOT FOUND (ABORTING MOD): $this->data['text_logged'] = sprintf($this->language->get('text_logged'), $this->url->link('account/account', '', 'SSL'), $this->customer->getFirstName(), $this->url->link('account/logout', '', 'SSL'));

----------------------------------------------------------------------


---------- Date: 2014-07-23 14:55:12 ~ IP : 93.120.208.67 ----------
REQUEST URI : /jv/index.php?route=common/home
MOD DETAILS:
   modFile   : /var/www/hipno/data/www/test.com/jv/vqmod/xml/controller.xml
   id        : modify header controller
   version   : 1
   vqmver    : 1.4.1
   author    : Hipno

File Name    : system/engine/controller.php(0)
VQModObject::applyMod - SEARCH NOT FOUND (ABORTING MOD): $this->data['text_logged'] = sprintf($this->language->get('text_logged'), $this->url->link('account/account', '', 'SSL'), $this->customer->getFirstName(), $this->url->link('account/logout', '', 'SSL'));

----------------------------------------------------------------------


---------- Date: 2014-07-23 16:01:36 ~ IP : 93.120.208.67 ----------
REQUEST URI : /jv/admin/index.php?route=extension/module&amp;token=d1d2098a744d40e577a94b741a8f4067
MOD DETAILS:
   modFile   : /var/www/hipno/data/www/test.com/jv/vqmod/xml/language.xml
   id        : modify home controller
   version   : 1
   vqmver    : 1.4.1
   author    : Hipno

File Name    : admin/language/russian/module/banner.php(0)
VQModObject::applyMod - SEARCH NOT FOUND (ABORTING MOD): $_['text_content_top']    = 'Центр слева';

----------------------------------------------------------------------


---------- Date: 2014-07-23 16:01:42 ~ IP : 93.120.208.67 ----------
REQUEST URI : /jv/admin/index.php?route=module/banner&amp;token=d1d2098a744d40e577a94b741a8f4067
MOD DETAILS:
   modFile   : /var/www/hipno/data/www/test.com/jv/vqmod/xml/language.xml
   id        : modify home controller
   version   : 1
   vqmver    : 1.4.1
   author    : Hipno

File Name    : admin/language/russian/module/banner.php(0)
VQModObject::applyMod - SEARCH NOT FOUND (ABORTING MOD): $_['text_content_top']    = 'Центр слева';

----------------------------------------------------------------------


---------- Date: 2014-07-23 16:02:20 ~ IP : 93.120.208.67 ----------
REQUEST URI : /jv/admin/index.php?route=module/banner&amp;token=d1d2098a744d40e577a94b741a8f4067
MOD DETAILS:
   modFile   : /var/www/hipno/data/www/test.com/jv/vqmod/xml/language.xml
   id        : modify home controller
   version   : 1
   vqmver    : 1.4.1
   author    : Hipno

File Name    : admin/language/russian/module/banner.php(0)
VQModObject::applyMod - SEARCH NOT FOUND (ABORTING MOD): $_['text_content_top']    = 'Центр слева';

----------------------------------------------------------------------


---------- Date: 2014-07-23 16:02:20 ~ IP : 93.120.208.67 ----------
REQUEST URI : /jv/admin/index.php?route=extension/module&amp;token=d1d2098a744d40e577a94b741a8f4067
MOD DETAILS:
   modFile   : /var/www/hipno/data/www/test.com/jv/vqmod/xml/language.xml
   id        : modify home controller
   version   : 1
   vqmver    : 1.4.1
   author    : Hipno

File Name    : admin/language/russian/module/banner.php(0)
VQModObject::applyMod - SEARCH NOT FOUND (ABORTING MOD): $_['text_content_top']    = 'Центр слева';

----------------------------------------------------------------------


---------- Date: 2014-07-23 16:02:23 ~ IP : 93.120.208.67 ----------
REQUEST URI : /jv/admin/index.php?route=module/banner&amp;token=d1d2098a744d40e577a94b741a8f4067
MOD DETAILS:
   modFile   : /var/www/hipno/data/www/test.com/jv/vqmod/xml/language.xml
   id        : modify home controller
   version   : 1
   vqmver    : 1.4.1
   author    : Hipno

File Name    : admin/language/russian/module/banner.php(0)
VQModObject::applyMod - SEARCH NOT FOUND (ABORTING MOD): $_['text_content_top']    = 'Центр слева';

----------------------------------------------------------------------


---------- Date: 2014-07-23 16:28:47 ~ IP : 93.120.208.67 ----------
REQUEST URI : /jv/admin/index.php?route=design/banner/update&amp;token=d1d2098a744d40e577a94b741a8f4067&amp;banner_id=6
MOD DETAILS:
   modFile   : /var/www/hipno/data/www/test.com/jv/vqmod/xml/controller.xml
   id        : modify header controller
   version   : 1
   vqmver    : 1.4.1
   author    : Hipno

File Name    : system/engine/controller.php(0)
VQModObject::applyMod - SEARCH NOT FOUND (ABORTING MOD): $this->data['text_logged'] = sprintf($this->language->get('text_logged'), $this->url->link('account/account', '', 'SSL'), $this->customer->getFirstName(), $this->url->link('account/logout', '', 'SSL'));

----------------------------------------------------------------------


---------- Date: 2014-07-23 16:29:24 ~ IP : 93.120.208.67 ----------
REQUEST URI : /jv/admin/index.php?route=design/banner/update&amp;token=d1d2098a744d40e577a94b741a8f4067&amp;banner_id=6
MOD DETAILS:
   modFile   : /var/www/hipno/data/www/test.com/jv/vqmod/xml/controller.xml
   id        : modify header controller
   version   : 1
   vqmver    : 1.4.1
   author    : Hipno

File Name    : system/engine/controller.php(0)
VQModObject::applyMod - SEARCH NOT FOUND (ABORTING MOD): $this->data['text_logged'] = sprintf($this->language->get('text_logged'), $this->url->link('account/account', '', 'SSL'), $this->customer->getFirstName(), $this->url->link('account/logout', '', 'SSL'));

----------------------------------------------------------------------


---------- Date: 2014-07-23 16:34:28 ~ IP : 93.120.208.67 ----------
REQUEST URI : /jv/admin/index.php?route=design/banner/update&amp;token=d1d2098a744d40e577a94b741a8f4067&amp;banner_id=6
MOD DETAILS:
   modFile   : /var/www/hipno/data/www/test.com/jv/vqmod/xml/controller.xml
   id        : modify header controller
   version   : 1
   vqmver    : 1.4.1
   author    : Hipno

File Name    : system/engine/controller.php(0)
VQModObject::applyMod - SEARCH NOT FOUND (ABORTING MOD): $this->data['text_logged'] = sprintf($this->language->get('text_logged'), $this->url->link('account/account', '', 'SSL'), $this->customer->getFirstName(), $this->url->link('account/logout', '', 'SSL'));

----------------------------------------------------------------------


---------- Date: 2014-07-23 16:35:07 ~ IP : 93.120.208.67 ----------
REQUEST URI : /jv/admin/index.php?route=design/banner/update&amp;token=d1d2098a744d40e577a94b741a8f4067&amp;banner_id=6
MOD DETAILS:
   modFile   : /var/www/hipno/data/www/test.com/jv/vqmod/xml/controller.xml
   id        : modify header controller
   version   : 1
   vqmver    : 1.4.1
   author    : Hipno

File Name    : system/engine/controller.php(0)
VQModObject::applyMod - SEARCH NOT FOUND (ABORTING MOD): $this->data['text_logged'] = sprintf($this->language->get('text_logged'), $this->url->link('account/account', '', 'SSL'), $this->customer->getFirstName(), $this->url->link('account/logout', '', 'SSL'));

----------------------------------------------------------------------


---------- Date: 2014-07-23 16:40:18 ~ IP : 93.120.208.67 ----------
REQUEST URI : /jv/admin/index.php?route=design/banner/update&amp;token=d1d2098a744d40e577a94b741a8f4067&amp;banner_id=6
MOD DETAILS:
   modFile   : /var/www/hipno/data/www/test.com/jv/vqmod/xml/controller.xml
   id        : modify header controller
   version   : 1
   vqmver    : 1.4.1
   author    : Hipno

File Name    : system/engine/controller.php(0)
VQModObject::applyMod - SEARCH NOT FOUND (ABORTING MOD): $this->data['text_logged'] = sprintf($this->language->get('text_logged'), $this->url->link('account/account', '', 'SSL'), $this->customer->getFirstName(), $this->url->link('account/logout', '', 'SSL'));

MOD DETAILS:
   modFile   : /var/www/hipno/data/www/test.com/jv/vqmod/xml/language.xml
   id        : modify home controller
   version   : 1
   vqmver    : 1.4.1
   author    : Hipno

File Name    : admin/language/russian/design/banner.php(0)
VQModObject::applyMod - SEARCH NOT FOUND (ABORTING MOD): $_['text_content_top']    = 'Центр слева';

----------------------------------------------------------------------


---------- Date: 2014-07-23 16:42:49 ~ IP : 93.120.208.67 ----------
REQUEST URI : /jv/admin/index.php?route=design/banner/update&amp;token=d1d2098a744d40e577a94b741a8f4067&amp;banner_id=6
MOD DETAILS:
   modFile   : /var/www/hipno/data/www/test.com/jv/vqmod/xml/controller.xml
   id        : modify header controller
   version   : 1
   vqmver    : 1.4.1
   author    : Hipno

File Name    : system/engine/controller.php(0)
VQModObject::applyMod - SEARCH NOT FOUND (ABORTING MOD): $this->data['text_logged'] = sprintf($this->language->get('text_logged'), $this->url->link('account/account', '', 'SSL'), $this->customer->getFirstName(), $this->url->link('account/logout', '', 'SSL'));

MOD DETAILS:
   modFile   : /var/www/hipno/data/www/test.com/jv/vqmod/xml/language.xml
   id        : modify home controller
   version   : 1
   vqmver    : 1.4.1
   author    : Hipno

File Name    : admin/language/russian/design/banner.php(0)
VQModObject::applyMod - SEARCH NOT FOUND (ABORTING MOD): $_['entry_status']       = 'Status:';

----------------------------------------------------------------------


---------- Date: 2014-07-23 16:42:58 ~ IP : 93.120.208.67 ----------
REQUEST URI : /jv/admin/index.php?route=design/banner/update&amp;token=d1d2098a744d40e577a94b741a8f4067&amp;banner_id=6
MOD DETAILS:
   modFile   : /var/www/hipno/data/www/test.com/jv/vqmod/xml/controller.xml
   id        : modify header controller
   version   : 1
   vqmver    : 1.4.1
   author    : Hipno

File Name    : system/engine/controller.php(0)
VQModObject::applyMod - SEARCH NOT FOUND (ABORTING MOD): $this->data['text_logged'] = sprintf($this->language->get('text_logged'), $this->url->link('account/account', '', 'SSL'), $this->customer->getFirstName(), $this->url->link('account/logout', '', 'SSL'));

MOD DETAILS:
   modFile   : /var/www/hipno/data/www/test.com/jv/vqmod/xml/language.xml
   id        : modify home controller
   version   : 1
   vqmver    : 1.4.1
   author    : Hipno

File Name    : admin/language/russian/design/banner.php(0)
VQModObject::applyMod - SEARCH NOT FOUND (ABORTING MOD): $_['entry_status']       = 'Status:';

----------------------------------------------------------------------


---------- Date: 2014-07-23 16:43:19 ~ IP : 93.120.208.67 ----------
REQUEST URI : /jv/admin/index.php?route=design/banner/update&amp;token=d1d2098a744d40e577a94b741a8f4067&amp;banner_id=6
MOD DETAILS:
   modFile   : /var/www/hipno/data/www/test.com/jv/vqmod/xml/controller.xml
   id        : modify header controller
   version   : 1
   vqmver    : 1.4.1
   author    : Hipno

File Name    : system/engine/controller.php(0)
VQModObject::applyMod - SEARCH NOT FOUND (ABORTING MOD): $this->data['text_logged'] = sprintf($this->language->get('text_logged'), $this->url->link('account/account', '', 'SSL'), $this->customer->getFirstName(), $this->url->link('account/logout', '', 'SSL'));

MOD DETAILS:
   modFile   : /var/www/hipno/data/www/test.com/jv/vqmod/xml/language.xml
   id        : modify home controller
   version   : 1
   vqmver    : 1.4.1
   author    : Hipno

File Name    : admin/language/russian/design/banner.php(0)
VQModObject::applyMod - SEARCH NOT FOUND (ABORTING MOD): $_['entry_status']       = 'Status:';

----------------------------------------------------------------------


---------- Date: 2014-07-23 16:43:20 ~ IP : 93.120.208.67 ----------
REQUEST URI : /jv/admin/index.php?route=design/banner/update&amp;token=d1d2098a744d40e577a94b741a8f4067&amp;banner_id=6
MOD DETAILS:
   modFile   : /var/www/hipno/data/www/test.com/jv/vqmod/xml/controller.xml
   id        : modify header controller
   version   : 1
   vqmver    : 1.4.1
   author    : Hipno

File Name    : system/engine/controller.php(0)
VQModObject::applyMod - SEARCH NOT FOUND (ABORTING MOD): $this->data['text_logged'] = sprintf($this->language->get('text_logged'), $this->url->link('account/account', '', 'SSL'), $this->customer->getFirstName(), $this->url->link('account/logout', '', 'SSL'));

MOD DETAILS:
   modFile   : /var/www/hipno/data/www/test.com/jv/vqmod/xml/language.xml
   id        : modify home controller
   version   : 1
   vqmver    : 1.4.1
   author    : Hipno

File Name    : admin/language/russian/design/banner.php(0)
VQModObject::applyMod - SEARCH NOT FOUND (ABORTING MOD): $_['entry_status']       = 'Status:';

----------------------------------------------------------------------


---------- Date: 2014-07-23 16:44:27 ~ IP : 93.120.208.67 ----------
REQUEST URI : /jv/admin/index.php?route=design/banner/update&amp;token=d1d2098a744d40e577a94b741a8f4067&amp;banner_id=6
MOD DETAILS:
   modFile   : /var/www/hipno/data/www/test.com/jv/vqmod/xml/controller.xml
   id        : modify header controller
   version   : 1
   vqmver    : 1.4.1
   author    : Hipno

File Name    : system/engine/controller.php(0)
VQModObject::applyMod - SEARCH NOT FOUND (ABORTING MOD): $this->data['text_logged'] = sprintf($this->language->get('text_logged'), $this->url->link('account/account', '', 'SSL'), $this->customer->getFirstName(), $this->url->link('account/logout', '', 'SSL'));

MOD DETAILS:
   modFile   : /var/www/hipno/data/www/test.com/jv/vqmod/xml/language.xml
   id        : modify home controller
   version   : 1
   vqmver    : 1.4.1
   author    : Hipno

File Name    : admin/language/russian/design/banner.php(0)
VQModObject::applyMod - SEARCH NOT FOUND (ABORTING MOD): $_['entry_status']       = 'Status:';

----------------------------------------------------------------------


---------- Date: 2014-07-23 16:44:28 ~ IP : 93.120.208.67 ----------
REQUEST URI : /jv/admin/index.php?route=design/banner/update&amp;token=d1d2098a744d40e577a94b741a8f4067&amp;banner_id=6
MOD DETAILS:
   modFile   : /var/www/hipno/data/www/test.com/jv/vqmod/xml/controller.xml
   id        : modify header controller
   version   : 1
   vqmver    : 1.4.1
   author    : Hipno

File Name    : system/engine/controller.php(0)
VQModObject::applyMod - SEARCH NOT FOUND (ABORTING MOD): $this->data['text_logged'] = sprintf($this->language->get('text_logged'), $this->url->link('account/account', '', 'SSL'), $this->customer->getFirstName(), $this->url->link('account/logout', '', 'SSL'));

MOD DETAILS:
   modFile   : /var/www/hipno/data/www/test.com/jv/vqmod/xml/language.xml
   id        : modify home controller
   version   : 1
   vqmver    : 1.4.1
   author    : Hipno

File Name    : admin/language/russian/design/banner.php(0)
VQModObject::applyMod - SEARCH NOT FOUND (ABORTING MOD): $_['entry_status']       = 'Status:';

----------------------------------------------------------------------


---------- Date: 2014-07-23 16:44:56 ~ IP : 93.120.208.67 ----------
REQUEST URI : /jv/admin/index.php?route=design/banner/update&amp;token=d1d2098a744d40e577a94b741a8f4067&amp;banner_id=6
MOD DETAILS:
   modFile   : /var/www/hipno/data/www/test.com/jv/vqmod/xml/controller.xml
   id        : modify header controller
   version   : 1
   vqmver    : 1.4.1
   author    : Hipno

File Name    : system/engine/controller.php(0)
VQModObject::applyMod - SEARCH NOT FOUND (ABORTING MOD): $this->data['text_logged'] = sprintf($this->language->get('text_logged'), $this->url->link('account/account', '', 'SSL'), $this->customer->getFirstName(), $this->url->link('account/logout', '', 'SSL'));

MOD DETAILS:
   modFile   : /var/www/hipno/data/www/test.com/jv/vqmod/xml/language.xml
   id        : modify home controller
   version   : 1
   vqmver    : 1.4.1
   author    : Hipno

File Name    : admin/language/russian/design/banner.php(0)
VQModObject::applyMod - SEARCH NOT FOUND (ABORTING MOD): $_['entry_status']       = 'Status:';

----------------------------------------------------------------------


---------- Date: 2014-07-23 16:45:26 ~ IP : 93.120.208.67 ----------
REQUEST URI : /jv/admin/index.php?route=design/banner/update&amp;token=d1d2098a744d40e577a94b741a8f4067&amp;banner_id=6
MOD DETAILS:
   modFile   : /var/www/hipno/data/www/test.com/jv/vqmod/xml/controller.xml
   id        : modify header controller
   version   : 1
   vqmver    : 1.4.1
   author    : Hipno

File Name    : system/engine/controller.php(0)
VQModObject::applyMod - SEARCH NOT FOUND (ABORTING MOD): $this->data['text_logged'] = sprintf($this->language->get('text_logged'), $this->url->link('account/account', '', 'SSL'), $this->customer->getFirstName(), $this->url->link('account/logout', '', 'SSL'));

MOD DETAILS:
   modFile   : /var/www/hipno/data/www/test.com/jv/vqmod/xml/language.xml
   id        : modify home controller
   version   : 1
   vqmver    : 1.4.1
   author    : Hipno

File Name    : admin/language/russian/design/banner.php(0)
VQModObject::applyMod - SEARCH NOT FOUND (ABORTING MOD): $_['entry_status']       = 'Status:';

----------------------------------------------------------------------


---------- Date: 2014-07-23 16:47:38 ~ IP : 93.120.208.67 ----------
REQUEST URI : /jv/admin/index.php?route=design/banner/update&amp;token=d1d2098a744d40e577a94b741a8f4067&amp;banner_id=6
MOD DETAILS:
   modFile   : /var/www/hipno/data/www/test.com/jv/vqmod/xml/controller.xml
   id        : modify header controller
   version   : 1
   vqmver    : 1.4.1
   author    : Hipno

File Name    : system/engine/controller.php(0)
VQModObject::applyMod - SEARCH NOT FOUND (ABORTING MOD): $this->data['text_logged'] = sprintf($this->language->get('text_logged'), $this->url->link('account/account', '', 'SSL'), $this->customer->getFirstName(), $this->url->link('account/logout', '', 'SSL'));

MOD DETAILS:
   modFile   : /var/www/hipno/data/www/test.com/jv/vqmod/xml/language.xml
   id        : modify home controller
   version   : 1
   vqmver    : 1.4.1
   author    : Hipno

File Name    : admin/language/russian/design/banner.php(0)
VQModObject::applyMod - SEARCH NOT FOUND (ABORTING MOD): $_['entry_status']       = 'Status:';

----------------------------------------------------------------------


---------- Date: 2014-07-23 16:47:39 ~ IP : 93.120.208.67 ----------
REQUEST URI : /jv/admin/index.php?route=design/banner/update&amp;token=d1d2098a744d40e577a94b741a8f4067&amp;banner_id=6
MOD DETAILS:
   modFile   : /var/www/hipno/data/www/test.com/jv/vqmod/xml/language.xml
   id        : modify home controller
   version   : 1
   vqmver    : 1.4.1
   author    : Hipno

File Name    : admin/language/russian/design/banner.php(0)
VQModObject::applyMod - SEARCH NOT FOUND (ABORTING MOD): $_['entry_status']       = 'Status:';

----------------------------------------------------------------------


---------- Date: 2014-07-23 16:48:54 ~ IP : 93.120.208.67 ----------
REQUEST URI : /jv/admin/index.php?route=design/banner/update&amp;token=d1d2098a744d40e577a94b741a8f4067&amp;banner_id=6
MOD DETAILS:
   modFile   : /var/www/hipno/data/www/test.com/jv/vqmod/xml/controller.xml
   id        : modify header controller
   version   : 1
   vqmver    : 1.4.1
   author    : Hipno

File Name    : system/engine/controller.php(0)
VQModObject::applyMod - SEARCH NOT FOUND (ABORTING MOD): $this->data['text_logged'] = sprintf($this->language->get('text_logged'), $this->url->link('account/account', '', 'SSL'), $this->customer->getFirstName(), $this->url->link('account/logout', '', 'SSL'));

----------------------------------------------------------------------


---------- Date: 2014-07-23 16:48:56 ~ IP : 93.120.208.67 ----------
REQUEST URI : /jv/admin/index.php?route=design/banner/update&amp;token=d1d2098a744d40e577a94b741a8f4067&amp;banner_id=6
MOD DETAILS:
   modFile   : /var/www/hipno/data/www/test.com/jv/vqmod/xml/controller.xml
   id        : modify header controller
   version   : 1
   vqmver    : 1.4.1
   author    : Hipno

File Name    : system/engine/controller.php(0)
VQModObject::applyMod - SEARCH NOT FOUND (ABORTING MOD): $this->data['text_logged'] = sprintf($this->language->get('text_logged'), $this->url->link('account/account', '', 'SSL'), $this->customer->getFirstName(), $this->url->link('account/logout', '', 'SSL'));

----------------------------------------------------------------------


---------- Date: 2014-07-23 16:50:14 ~ IP : 93.120.208.67 ----------
REQUEST URI : /jv/admin/index.php?route=design/banner/update&amp;token=d1d2098a744d40e577a94b741a8f4067&amp;banner_id=6
MOD DETAILS:
   modFile   : /var/www/hipno/data/www/test.com/jv/vqmod/xml/controller.xml
   id        : modify header controller
   version   : 1
   vqmver    : 1.4.1
   author    : Hipno

File Name    : system/engine/controller.php(0)
VQModObject::applyMod - SEARCH NOT FOUND (ABORTING MOD): $this->data['text_logged'] = sprintf($this->language->get('text_logged'), $this->url->link('account/account', '', 'SSL'), $this->customer->getFirstName(), $this->url->link('account/logout', '', 'SSL'));

----------------------------------------------------------------------


---------- Date: 2014-07-23 16:50:15 ~ IP : 93.120.208.67 ----------
REQUEST URI : /jv/admin/index.php?route=design/banner/update&amp;token=d1d2098a744d40e577a94b741a8f4067&amp;banner_id=6
MOD DETAILS:
   modFile   : /var/www/hipno/data/www/test.com/jv/vqmod/xml/controller.xml
   id        : modify header controller
   version   : 1
   vqmver    : 1.4.1
   author    : Hipno

File Name    : system/engine/controller.php(0)
VQModObject::applyMod - SEARCH NOT FOUND (ABORTING MOD): $this->data['text_logged'] = sprintf($this->language->get('text_logged'), $this->url->link('account/account', '', 'SSL'), $this->customer->getFirstName(), $this->url->link('account/logout', '', 'SSL'));

----------------------------------------------------------------------


---------- Date: 2014-07-23 16:50:44 ~ IP : 93.120.208.67 ----------
REQUEST URI : /jv/admin/index.php?route=design/banner/update&amp;token=d1d2098a744d40e577a94b741a8f4067&amp;banner_id=6
MOD DETAILS:
   modFile   : /var/www/hipno/data/www/test.com/jv/vqmod/xml/controller.xml
   id        : modify header controller
   version   : 1
   vqmver    : 1.4.1
   author    : Hipno

File Name    : system/engine/controller.php(0)
VQModObject::applyMod - SEARCH NOT FOUND (ABORTING MOD): $this->data['text_logged'] = sprintf($this->language->get('text_logged'), $this->url->link('account/account', '', 'SSL'), $this->customer->getFirstName(), $this->url->link('account/logout', '', 'SSL'));

----------------------------------------------------------------------


---------- Date: 2014-07-23 16:50:56 ~ IP : 93.120.208.67 ----------
REQUEST URI : /jv/admin/index.php?route=design/banner/update&amp;token=d1d2098a744d40e577a94b741a8f4067&amp;banner_id=6
MOD DETAILS:
   modFile   : /var/www/hipno/data/www/test.com/jv/vqmod/xml/controller.xml
   id        : modify header controller
   version   : 1
   vqmver    : 1.4.1
   author    : Hipno

File Name    : system/engine/controller.php(0)
VQModObject::applyMod - SEARCH NOT FOUND (ABORTING MOD): $this->data['text_logged'] = sprintf($this->language->get('text_logged'), $this->url->link('account/account', '', 'SSL'), $this->customer->getFirstName(), $this->url->link('account/logout', '', 'SSL'));

----------------------------------------------------------------------


---------- Date: 2014-07-23 16:51:13 ~ IP : 93.120.208.67 ----------
REQUEST URI : /jv/admin/index.php?route=design/banner/update&amp;token=d1d2098a744d40e577a94b741a8f4067&amp;banner_id=6
MOD DETAILS:
   modFile   : /var/www/hipno/data/www/test.com/jv/vqmod/xml/controller.xml
   id        : modify header controller
   version   : 1
   vqmver    : 1.4.1
   author    : Hipno

File Name    : system/engine/controller.php(0)
VQModObject::applyMod - SEARCH NOT FOUND (ABORTING MOD): $this->data['text_logged'] = sprintf($this->language->get('text_logged'), $this->url->link('account/account', '', 'SSL'), $this->customer->getFirstName(), $this->url->link('account/logout', '', 'SSL'));

----------------------------------------------------------------------


---------- Date: 2014-07-23 16:51:13 ~ IP : 93.120.208.67 ----------
REQUEST URI : /jv/admin/index.php?route=design/banner&amp;token=d1d2098a744d40e577a94b741a8f4067
MOD DETAILS:
   modFile   : /var/www/hipno/data/www/test.com/jv/vqmod/xml/controller.xml
   id        : modify header controller
   version   : 1
   vqmver    : 1.4.1
   author    : Hipno

File Name    : system/engine/controller.php(0)
VQModObject::applyMod - SEARCH NOT FOUND (ABORTING MOD): $this->data['text_logged'] = sprintf($this->language->get('text_logged'), $this->url->link('account/account', '', 'SSL'), $this->customer->getFirstName(), $this->url->link('account/logout', '', 'SSL'));

----------------------------------------------------------------------


---------- Date: 2014-07-23 16:51:16 ~ IP : 93.120.208.67 ----------
REQUEST URI : /jv/admin/index.php?route=extension/module&amp;token=d1d2098a744d40e577a94b741a8f4067
MOD DETAILS:
   modFile   : /var/www/hipno/data/www/test.com/jv/vqmod/xml/controller.xml
   id        : modify header controller
   version   : 1
   vqmver    : 1.4.1
   author    : Hipno

File Name    : system/engine/controller.php(0)
VQModObject::applyMod - SEARCH NOT FOUND (ABORTING MOD): $this->data['text_logged'] = sprintf($this->language->get('text_logged'), $this->url->link('account/account', '', 'SSL'), $this->customer->getFirstName(), $this->url->link('account/logout', '', 'SSL'));

MOD DETAILS:
   modFile   : /var/www/hipno/data/www/test.com/jv/vqmod/xml/language.xml
   id        : modify home controller
   version   : 1
   vqmver    : 1.4.1
   author    : Hipno

File Name    : admin/language/russian/module/banner.php(0)
VQModObject::applyMod - SEARCH NOT FOUND (ABORTING MOD): $_['text_content_top']    = 'Центр слева';

----------------------------------------------------------------------


---------- Date: 2014-07-23 16:51:20 ~ IP : 93.120.208.67 ----------
REQUEST URI : /jv/admin/index.php?route=module/banner&amp;token=d1d2098a744d40e577a94b741a8f4067
MOD DETAILS:
   modFile   : /var/www/hipno/data/www/test.com/jv/vqmod/xml/controller.xml
   id        : modify header controller
   version   : 1
   vqmver    : 1.4.1
   author    : Hipno

File Name    : system/engine/controller.php(0)
VQModObject::applyMod - SEARCH NOT FOUND (ABORTING MOD): $this->data['text_logged'] = sprintf($this->language->get('text_logged'), $this->url->link('account/account', '', 'SSL'), $this->customer->getFirstName(), $this->url->link('account/logout', '', 'SSL'));

MOD DETAILS:
   modFile   : /var/www/hipno/data/www/test.com/jv/vqmod/xml/language.xml
   id        : modify home controller
   version   : 1
   vqmver    : 1.4.1
   author    : Hipno

File Name    : admin/language/russian/module/banner.php(0)
VQModObject::applyMod - SEARCH NOT FOUND (ABORTING MOD): $_['text_content_top']    = 'Центр слева';

----------------------------------------------------------------------


---------- Date: 2014-07-23 16:53:13 ~ IP : 93.120.208.67 ----------
REQUEST URI : /jv/admin/index.php?route=module/banner&amp;token=d1d2098a744d40e577a94b741a8f4067
MOD DETAILS:
   modFile   : /var/www/hipno/data/www/test.com/jv/vqmod/xml/controller.xml
   id        : modify header controller
   version   : 1
   vqmver    : 1.4.1
   author    : Hipno

File Name    : system/engine/controller.php(0)
VQModObject::applyMod - SEARCH NOT FOUND (ABORTING MOD): $this->data['text_logged'] = sprintf($this->language->get('text_logged'), $this->url->link('account/account', '', 'SSL'), $this->customer->getFirstName(), $this->url->link('account/logout', '', 'SSL'));

MOD DETAILS:
   modFile   : /var/www/hipno/data/www/test.com/jv/vqmod/xml/language.xml
   id        : modify home controller
   version   : 1
   vqmver    : 1.4.1
   author    : Hipno

File Name    : admin/language/russian/module/banner.php(0)
VQModObject::applyMod - SEARCH NOT FOUND (ABORTING MOD): $_['text_content_top']    = 'Центр слева';

----------------------------------------------------------------------


---------- Date: 2014-07-23 16:53:17 ~ IP : 93.120.208.67 ----------
REQUEST URI : /jv/admin/index.php?route=setting/store&amp;token=d1d2098a744d40e577a94b741a8f4067
MOD DETAILS:
   modFile   : /var/www/hipno/data/www/test.com/jv/vqmod/xml/controller.xml
   id        : modify header controller
   version   : 1
   vqmver    : 1.4.1
   author    : Hipno

File Name    : system/engine/controller.php(0)
VQModObject::applyMod - SEARCH NOT FOUND (ABORTING MOD): $this->data['text_logged'] = sprintf($this->language->get('text_logged'), $this->url->link('account/account', '', 'SSL'), $this->customer->getFirstName(), $this->url->link('account/logout', '', 'SSL'));

----------------------------------------------------------------------


---------- Date: 2014-07-23 16:53:18 ~ IP : 93.120.208.67 ----------
REQUEST URI : /jv/admin/index.php?route=setting/setting&amp;token=d1d2098a744d40e577a94b741a8f4067
MOD DETAILS:
   modFile   : /var/www/hipno/data/www/test.com/jv/vqmod/xml/controller.xml
   id        : modify header controller
   version   : 1
   vqmver    : 1.4.1
   author    : Hipno

File Name    : system/engine/controller.php(0)
VQModObject::applyMod - SEARCH NOT FOUND (ABORTING MOD): $this->data['text_logged'] = sprintf($this->language->get('text_logged'), $this->url->link('account/account', '', 'SSL'), $this->customer->getFirstName(), $this->url->link('account/logout', '', 'SSL'));

----------------------------------------------------------------------


---------- Date: 2014-07-23 16:53:19 ~ IP : 93.120.208.67 ----------
REQUEST URI : /jv/admin/index.php?route=setting/setting/country&amp;token=d1d2098a744d40e577a94b741a8f4067&amp;country_id=222
MOD DETAILS:
   modFile   : /var/www/hipno/data/www/test.com/jv/vqmod/xml/controller.xml
   id        : modify header controller
   version   : 1
   vqmver    : 1.4.1
   author    : Hipno

File Name    : system/engine/controller.php(0)
VQModObject::applyMod - SEARCH NOT FOUND (ABORTING MOD): $this->data['text_logged'] = sprintf($this->language->get('text_logged'), $this->url->link('account/account', '', 'SSL'), $this->customer->getFirstName(), $this->url->link('account/logout', '', 'SSL'));

----------------------------------------------------------------------


---------- Date: 2014-07-23 16:53:19 ~ IP : 93.120.208.67 ----------
REQUEST URI : /jv/admin/index.php?route=setting/setting/template&amp;token=d1d2098a744d40e577a94b741a8f4067&amp;template=jv
MOD DETAILS:
   modFile   : /var/www/hipno/data/www/test.com/jv/vqmod/xml/controller.xml
   id        : modify header controller
   version   : 1
   vqmver    : 1.4.1
   author    : Hipno

File Name    : system/engine/controller.php(0)
VQModObject::applyMod - SEARCH NOT FOUND (ABORTING MOD): $this->data['text_logged'] = sprintf($this->language->get('text_logged'), $this->url->link('account/account', '', 'SSL'), $this->customer->getFirstName(), $this->url->link('account/logout', '', 'SSL'));

----------------------------------------------------------------------


---------- Date: 2014-07-23 16:53:26 ~ IP : 93.120.208.67 ----------
REQUEST URI : /jv/admin/index.php?route=setting/setting&amp;token=d1d2098a744d40e577a94b741a8f4067
MOD DETAILS:
   modFile   : /var/www/hipno/data/www/test.com/jv/vqmod/xml/controller.xml
   id        : modify header controller
   version   : 1
   vqmver    : 1.4.1
   author    : Hipno

File Name    : system/engine/controller.php(0)
VQModObject::applyMod - SEARCH NOT FOUND (ABORTING MOD): $this->data['text_logged'] = sprintf($this->language->get('text_logged'), $this->url->link('account/account', '', 'SSL'), $this->customer->getFirstName(), $this->url->link('account/logout', '', 'SSL'));

----------------------------------------------------------------------


---------- Date: 2014-07-23 16:53:26 ~ IP : 93.120.208.67 ----------
REQUEST URI : /jv/admin/index.php?route=setting/store&amp;token=d1d2098a744d40e577a94b741a8f4067
MOD DETAILS:
   modFile   : /var/www/hipno/data/www/test.com/jv/vqmod/xml/controller.xml
   id        : modify header controller
   version   : 1
   vqmver    : 1.4.1
   author    : Hipno

File Name    : system/engine/controller.php(0)
VQModObject::applyMod - SEARCH NOT FOUND (ABORTING MOD): $this->data['text_logged'] = sprintf($this->language->get('text_logged'), $this->url->link('account/account', '', 'SSL'), $this->customer->getFirstName(), $this->url->link('account/logout', '', 'SSL'));

----------------------------------------------------------------------


---------- Date: 2014-07-23 16:53:31 ~ IP : 93.120.208.67 ----------
REQUEST URI : /jv/admin/index.php?route=design/banner&amp;token=d1d2098a744d40e577a94b741a8f4067
MOD DETAILS:
   modFile   : /var/www/hipno/data/www/test.com/jv/vqmod/xml/controller.xml
   id        : modify header controller
   version   : 1
   vqmver    : 1.4.1
   author    : Hipno

File Name    : system/engine/controller.php(0)
VQModObject::applyMod - SEARCH NOT FOUND (ABORTING MOD): $this->data['text_logged'] = sprintf($this->language->get('text_logged'), $this->url->link('account/account', '', 'SSL'), $this->customer->getFirstName(), $this->url->link('account/logout', '', 'SSL'));

----------------------------------------------------------------------


---------- Date: 2014-07-23 16:53:35 ~ IP : 93.120.208.67 ----------
REQUEST URI : /jv/admin/index.php?route=design/banner/update&amp;token=d1d2098a744d40e577a94b741a8f4067&amp;banner_id=6
MOD DETAILS:
   modFile   : /var/www/hipno/data/www/test.com/jv/vqmod/xml/controller.xml
   id        : modify header controller
   version   : 1
   vqmver    : 1.4.1
   author    : Hipno

File Name    : system/engine/controller.php(0)
VQModObject::applyMod - SEARCH NOT FOUND (ABORTING MOD): $this->data['text_logged'] = sprintf($this->language->get('text_logged'), $this->url->link('account/account', '', 'SSL'), $this->customer->getFirstName(), $this->url->link('account/logout', '', 'SSL'));

----------------------------------------------------------------------


---------- Date: 2014-07-23 16:53:56 ~ IP : 93.120.208.67 ----------
REQUEST URI : /jv/admin/index.php?route=design/banner/update&amp;token=d1d2098a744d40e577a94b741a8f4067&amp;banner_id=6
MOD DETAILS:
   modFile   : /var/www/hipno/data/www/test.com/jv/vqmod/xml/controller.xml
   id        : modify header controller
   version   : 1
   vqmver    : 1.4.1
   author    : Hipno

File Name    : system/engine/controller.php(0)
VQModObject::applyMod - SEARCH NOT FOUND (ABORTING MOD): $this->data['text_logged'] = sprintf($this->language->get('text_logged'), $this->url->link('account/account', '', 'SSL'), $this->customer->getFirstName(), $this->url->link('account/logout', '', 'SSL'));

----------------------------------------------------------------------


---------- Date: 2014-07-23 16:55:20 ~ IP : 93.120.208.67 ----------
REQUEST URI : /jv/admin/index.php?route=setting/store&amp;token=d1d2098a744d40e577a94b741a8f4067
MOD DETAILS:
   modFile   : /var/www/hipno/data/www/test.com/jv/vqmod/xml/controller.xml
   id        : modify header controller
   version   : 1
   vqmver    : 1.4.1
   author    : Hipno

File Name    : system/engine/controller.php(0)
VQModObject::applyMod - SEARCH NOT FOUND (ABORTING MOD): $this->data['text_logged'] = sprintf($this->language->get('text_logged'), $this->url->link('account/account', '', 'SSL'), $this->customer->getFirstName(), $this->url->link('account/logout', '', 'SSL'));

----------------------------------------------------------------------


---------- Date: 2014-07-23 16:55:21 ~ IP : 93.120.208.67 ----------
REQUEST URI : /jv/admin/index.php?route=setting/setting&amp;token=d1d2098a744d40e577a94b741a8f4067
MOD DETAILS:
   modFile   : /var/www/hipno/data/www/test.com/jv/vqmod/xml/controller.xml
   id        : modify header controller
   version   : 1
   vqmver    : 1.4.1
   author    : Hipno

File Name    : system/engine/controller.php(0)
VQModObject::applyMod - SEARCH NOT FOUND (ABORTING MOD): $this->data['text_logged'] = sprintf($this->language->get('text_logged'), $this->url->link('account/account', '', 'SSL'), $this->customer->getFirstName(), $this->url->link('account/logout', '', 'SSL'));

----------------------------------------------------------------------


---------- Date: 2014-07-23 16:55:22 ~ IP : 93.120.208.67 ----------
REQUEST URI : /jv/admin/index.php?route=setting/setting/country&amp;token=d1d2098a744d40e577a94b741a8f4067&amp;country_id=222
MOD DETAILS:
   modFile   : /var/www/hipno/data/www/test.com/jv/vqmod/xml/controller.xml
   id        : modify header controller
   version   : 1
   vqmver    : 1.4.1
   author    : Hipno

File Name    : system/engine/controller.php(0)
VQModObject::applyMod - SEARCH NOT FOUND (ABORTING MOD): $this->data['text_logged'] = sprintf($this->language->get('text_logged'), $this->url->link('account/account', '', 'SSL'), $this->customer->getFirstName(), $this->url->link('account/logout', '', 'SSL'));

----------------------------------------------------------------------


---------- Date: 2014-07-23 16:55:22 ~ IP : 93.120.208.67 ----------
REQUEST URI : /jv/admin/index.php?route=setting/setting/template&amp;token=d1d2098a744d40e577a94b741a8f4067&amp;template=jv
MOD DETAILS:
   modFile   : /var/www/hipno/data/www/test.com/jv/vqmod/xml/controller.xml
   id        : modify header controller
   version   : 1
   vqmver    : 1.4.1
   author    : Hipno

File Name    : system/engine/controller.php(0)
VQModObject::applyMod - SEARCH NOT FOUND (ABORTING MOD): $this->data['text_logged'] = sprintf($this->language->get('text_logged'), $this->url->link('account/account', '', 'SSL'), $this->customer->getFirstName(), $this->url->link('account/logout', '', 'SSL'));

----------------------------------------------------------------------


---------- Date: 2014-07-23 16:55:28 ~ IP : 93.120.208.67 ----------
REQUEST URI : /jv/admin/index.php?route=setting/setting&amp;token=d1d2098a744d40e577a94b741a8f4067
MOD DETAILS:
   modFile   : /var/www/hipno/data/www/test.com/jv/vqmod/xml/controller.xml
   id        : modify header controller
   version   : 1
   vqmver    : 1.4.1
   author    : Hipno

File Name    : system/engine/controller.php(0)
VQModObject::applyMod - SEARCH NOT FOUND (ABORTING MOD): $this->data['text_logged'] = sprintf($this->language->get('text_logged'), $this->url->link('account/account', '', 'SSL'), $this->customer->getFirstName(), $this->url->link('account/logout', '', 'SSL'));

----------------------------------------------------------------------


---------- Date: 2014-07-23 16:55:28 ~ IP : 93.120.208.67 ----------
REQUEST URI : /jv/admin/index.php?route=setting/store&amp;token=d1d2098a744d40e577a94b741a8f4067
MOD DETAILS:
   modFile   : /var/www/hipno/data/www/test.com/jv/vqmod/xml/controller.xml
   id        : modify header controller
   version   : 1
   vqmver    : 1.4.1
   author    : Hipno

File Name    : system/engine/controller.php(0)
VQModObject::applyMod - SEARCH NOT FOUND (ABORTING MOD): $this->data['text_logged'] = sprintf($this->language->get('text_logged'), $this->url->link('account/account', '', 'SSL'), $this->customer->getFirstName(), $this->url->link('account/logout', '', 'SSL'));

----------------------------------------------------------------------


---------- Date: 2014-07-23 16:55:35 ~ IP : 93.120.208.67 ----------
REQUEST URI : /jv/admin/index.php?route=design/banner&amp;token=d1d2098a744d40e577a94b741a8f4067
MOD DETAILS:
   modFile   : /var/www/hipno/data/www/test.com/jv/vqmod/xml/controller.xml
   id        : modify header controller
   version   : 1
   vqmver    : 1.4.1
   author    : Hipno

File Name    : system/engine/controller.php(0)
VQModObject::applyMod - SEARCH NOT FOUND (ABORTING MOD): $this->data['text_logged'] = sprintf($this->language->get('text_logged'), $this->url->link('account/account', '', 'SSL'), $this->customer->getFirstName(), $this->url->link('account/logout', '', 'SSL'));

----------------------------------------------------------------------


---------- Date: 2014-07-23 16:55:37 ~ IP : 93.120.208.67 ----------
REQUEST URI : /jv/admin/index.php?route=design/banner/update&amp;token=d1d2098a744d40e577a94b741a8f4067&amp;banner_id=6
MOD DETAILS:
   modFile   : /var/www/hipno/data/www/test.com/jv/vqmod/xml/controller.xml
   id        : modify header controller
   version   : 1
   vqmver    : 1.4.1
   author    : Hipno

File Name    : system/engine/controller.php(0)
VQModObject::applyMod - SEARCH NOT FOUND (ABORTING MOD): $this->data['text_logged'] = sprintf($this->language->get('text_logged'), $this->url->link('account/account', '', 'SSL'), $this->customer->getFirstName(), $this->url->link('account/logout', '', 'SSL'));

----------------------------------------------------------------------


---------- Date: 2014-07-23 16:55:53 ~ IP : 93.120.208.67 ----------
REQUEST URI : /jv/admin/index.php?route=design/banner/update&amp;token=d1d2098a744d40e577a94b741a8f4067&amp;banner_id=6
MOD DETAILS:
   modFile   : /var/www/hipno/data/www/test.com/jv/vqmod/xml/controller.xml
   id        : modify header controller
   version   : 1
   vqmver    : 1.4.1
   author    : Hipno

File Name    : system/engine/controller.php(0)
VQModObject::applyMod - SEARCH NOT FOUND (ABORTING MOD): $this->data['text_logged'] = sprintf($this->language->get('text_logged'), $this->url->link('account/account', '', 'SSL'), $this->customer->getFirstName(), $this->url->link('account/logout', '', 'SSL'));

----------------------------------------------------------------------


---------- Date: 2014-07-23 20:58:41 ~ IP : 93.120.208.67 ----------
REQUEST URI : /jv/admin/index.php?route=design/banner/update&amp;token=d1d2098a744d40e577a94b741a8f4067&amp;banner_id=6
MOD DETAILS:
   modFile   : /var/www/hipno/data/www/test.com/jv/vqmod/xml/controller.xml
   id        : modify header controller
   version   : 1
   vqmver    : 1.4.1
   author    : Hipno

File Name    : system/engine/controller.php(0)
VQModObject::applyMod - SEARCH NOT FOUND (ABORTING MOD): $this->data['text_logged'] = sprintf($this->language->get('text_logged'), $this->url->link('account/account', '', 'SSL'), $this->customer->getFirstName(), $this->url->link('account/logout', '', 'SSL'));

----------------------------------------------------------------------


---------- Date: 2014-07-23 22:11:22 ~ IP : 93.120.208.67 ----------
REQUEST URI : /jv/
MOD DETAILS:
   modFile   : /var/www/hipno/data/www/test.com/jv/vqmod/xml/controller.xml
   id        : modify header controller
   version   : 1
   vqmver    : 1.4.1
   author    : Hipno

File Name    : system/engine/controller.php(0)
VQModObject::applyMod - SEARCH NOT FOUND (ABORTING MOD): $this->data['text_logged'] = sprintf($this->language->get('text_logged'), $this->url->link('account/account', '', 'SSL'), $this->customer->getFirstName(), $this->url->link('account/logout', '', 'SSL'));

----------------------------------------------------------------------


