---------- Date: 2014-09-04 00:15:12 ~ IP : 95.37.143.247 ----------
REQUEST URI : /jv/romantic-collection?product_id=53
MOD DETAILS:
   modFile   : /var/www/hipno/data/www/test.com/jv/vqmod/xml/controller.xml
   id        : modify header controller
   version   : 1
   vqmver    : 1.4.1
   author    : Hipno

File Name    : system/engine/controller.php(0)
VQModObject::applyMod - SEARCH NOT FOUND (ABORTING MOD): $this->data['text_logged'] = sprintf($this->language->get('text_logged'), $this->url->link('account/account', '', 'SSL'), $this->customer->getFirstName(), $this->url->link('account/logout', '', 'SSL'));

----------------------------------------------------------------------


---------- Date: 2014-09-04 00:15:26 ~ IP : 95.37.143.247 ----------
REQUEST URI : /jv/admin/index.php?route=catalog/product/update&amp;token=13cfb59ee34a46afa9566e3a8b79b2a9&amp;product_id=53
MOD DETAILS:
   modFile   : /var/www/hipno/data/www/test.com/jv/vqmod/xml/controller.xml
   id        : modify header controller
   version   : 1
   vqmver    : 1.4.1
   author    : Hipno

File Name    : system/engine/controller.php(0)
VQModObject::applyMod - SEARCH NOT FOUND (ABORTING MOD): $this->data['text_logged'] = sprintf($this->language->get('text_logged'), $this->url->link('account/account', '', 'SSL'), $this->customer->getFirstName(), $this->url->link('account/logout', '', 'SSL'));

----------------------------------------------------------------------


---------- Date: 2014-09-04 00:15:27 ~ IP : 95.37.143.247 ----------
REQUEST URI : /jv/admin/index.php?route=extension/openbay/linkStatus&amp;token=13cfb59ee34a46afa9566e3a8b79b2a9&amp;product_id=53
MOD DETAILS:
   modFile   : /var/www/hipno/data/www/test.com/jv/vqmod/xml/controller.xml
   id        : modify header controller
   version   : 1
   vqmver    : 1.4.1
   author    : Hipno

File Name    : system/engine/controller.php(0)
VQModObject::applyMod - SEARCH NOT FOUND (ABORTING MOD): $this->data['text_logged'] = sprintf($this->language->get('text_logged'), $this->url->link('account/account', '', 'SSL'), $this->customer->getFirstName(), $this->url->link('account/logout', '', 'SSL'));

----------------------------------------------------------------------


---------- Date: 2014-09-04 00:15:31 ~ IP : 95.37.143.247 ----------
REQUEST URI : /jv/admin/index.php?route=ac_cms/control_panel&amp;token=13cfb59ee34a46afa9566e3a8b79b2a9
MOD DETAILS:
   modFile   : /var/www/hipno/data/www/test.com/jv/vqmod/xml/controller.xml
   id        : modify header controller
   version   : 1
   vqmver    : 1.4.1
   author    : Hipno

File Name    : system/engine/controller.php(0)
VQModObject::applyMod - SEARCH NOT FOUND (ABORTING MOD): $this->data['text_logged'] = sprintf($this->language->get('text_logged'), $this->url->link('account/account', '', 'SSL'), $this->customer->getFirstName(), $this->url->link('account/logout', '', 'SSL'));

----------------------------------------------------------------------


---------- Date: 2014-09-04 00:15:42 ~ IP : 95.37.143.247 ----------
REQUEST URI : /jv/admin/index.php?route=module/ac_cms_set&amp;token=13cfb59ee34a46afa9566e3a8b79b2a9
MOD DETAILS:
   modFile   : /var/www/hipno/data/www/test.com/jv/vqmod/xml/controller.xml
   id        : modify header controller
   version   : 1
   vqmver    : 1.4.1
   author    : Hipno

File Name    : system/engine/controller.php(0)
VQModObject::applyMod - SEARCH NOT FOUND (ABORTING MOD): $this->data['text_logged'] = sprintf($this->language->get('text_logged'), $this->url->link('account/account', '', 'SSL'), $this->customer->getFirstName(), $this->url->link('account/logout', '', 'SSL'));

----------------------------------------------------------------------


---------- Date: 2014-09-04 00:15:45 ~ IP : 95.37.143.247 ----------
REQUEST URI : /jv/admin/index.php?route=ac_cms/control_panel&amp;token=13cfb59ee34a46afa9566e3a8b79b2a9
MOD DETAILS:
   modFile   : /var/www/hipno/data/www/test.com/jv/vqmod/xml/controller.xml
   id        : modify header controller
   version   : 1
   vqmver    : 1.4.1
   author    : Hipno

File Name    : system/engine/controller.php(0)
VQModObject::applyMod - SEARCH NOT FOUND (ABORTING MOD): $this->data['text_logged'] = sprintf($this->language->get('text_logged'), $this->url->link('account/account', '', 'SSL'), $this->customer->getFirstName(), $this->url->link('account/logout', '', 'SSL'));

----------------------------------------------------------------------


---------- Date: 2014-09-04 00:15:49 ~ IP : 95.37.143.247 ----------
REQUEST URI : /jv/admin/index.php?route=ac_cms/article_set/article_sets&amp;token=13cfb59ee34a46afa9566e3a8b79b2a9
MOD DETAILS:
   modFile   : /var/www/hipno/data/www/test.com/jv/vqmod/xml/controller.xml
   id        : modify header controller
   version   : 1
   vqmver    : 1.4.1
   author    : Hipno

File Name    : system/engine/controller.php(0)
VQModObject::applyMod - SEARCH NOT FOUND (ABORTING MOD): $this->data['text_logged'] = sprintf($this->language->get('text_logged'), $this->url->link('account/account', '', 'SSL'), $this->customer->getFirstName(), $this->url->link('account/logout', '', 'SSL'));

----------------------------------------------------------------------


---------- Date: 2014-09-04 00:15:52 ~ IP : 95.37.143.247 ----------
REQUEST URI : /jv/admin/index.php?route=ac_cms/article_set/update_set&amp;token=13cfb59ee34a46afa9566e3a8b79b2a9&amp;bs_id=1
MOD DETAILS:
   modFile   : /var/www/hipno/data/www/test.com/jv/vqmod/xml/controller.xml
   id        : modify header controller
   version   : 1
   vqmver    : 1.4.1
   author    : Hipno

File Name    : system/engine/controller.php(0)
VQModObject::applyMod - SEARCH NOT FOUND (ABORTING MOD): $this->data['text_logged'] = sprintf($this->language->get('text_logged'), $this->url->link('account/account', '', 'SSL'), $this->customer->getFirstName(), $this->url->link('account/logout', '', 'SSL'));

----------------------------------------------------------------------


---------- Date: 2014-09-04 00:18:14 ~ IP : 95.37.143.247 ----------
REQUEST URI : /jv/romantic-collection?product_id=53
MOD DETAILS:
   modFile   : /var/www/hipno/data/www/test.com/jv/vqmod/xml/controller.xml
   id        : modify header controller
   version   : 1
   vqmver    : 1.4.1
   author    : Hipno

File Name    : system/engine/controller.php(0)
VQModObject::applyMod - SEARCH NOT FOUND (ABORTING MOD): $this->data['text_logged'] = sprintf($this->language->get('text_logged'), $this->url->link('account/account', '', 'SSL'), $this->customer->getFirstName(), $this->url->link('account/logout', '', 'SSL'));

----------------------------------------------------------------------


---------- Date: 2014-09-04 00:22:45 ~ IP : 95.37.143.247 ----------
REQUEST URI : /jv/romantic-collection?product_id=53
MOD DETAILS:
   modFile   : /var/www/hipno/data/www/test.com/jv/vqmod/xml/controller.xml
   id        : modify header controller
   version   : 1
   vqmver    : 1.4.1
   author    : Hipno

File Name    : system/engine/controller.php(0)
VQModObject::applyMod - SEARCH NOT FOUND (ABORTING MOD): $this->data['text_logged'] = sprintf($this->language->get('text_logged'), $this->url->link('account/account', '', 'SSL'), $this->customer->getFirstName(), $this->url->link('account/logout', '', 'SSL'));

----------------------------------------------------------------------


---------- Date: 2014-09-04 00:26:41 ~ IP : 95.37.143.247 ----------
REQUEST URI : /jv/romantic-collection?product_id=53
MOD DETAILS:
   modFile   : /var/www/hipno/data/www/test.com/jv/vqmod/xml/controller.xml
   id        : modify header controller
   version   : 1
   vqmver    : 1.4.1
   author    : Hipno

File Name    : system/engine/controller.php(0)
VQModObject::applyMod - SEARCH NOT FOUND (ABORTING MOD): $this->data['text_logged'] = sprintf($this->language->get('text_logged'), $this->url->link('account/account', '', 'SSL'), $this->customer->getFirstName(), $this->url->link('account/logout', '', 'SSL'));

----------------------------------------------------------------------


---------- Date: 2014-09-04 00:27:10 ~ IP : 95.37.143.247 ----------
REQUEST URI : /jv/romantic-collection?product_id=53
MOD DETAILS:
   modFile   : /var/www/hipno/data/www/test.com/jv/vqmod/xml/controller.xml
   id        : modify header controller
   version   : 1
   vqmver    : 1.4.1
   author    : Hipno

File Name    : system/engine/controller.php(0)
VQModObject::applyMod - SEARCH NOT FOUND (ABORTING MOD): $this->data['text_logged'] = sprintf($this->language->get('text_logged'), $this->url->link('account/account', '', 'SSL'), $this->customer->getFirstName(), $this->url->link('account/logout', '', 'SSL'));

----------------------------------------------------------------------


---------- Date: 2014-09-04 00:31:01 ~ IP : 95.37.143.247 ----------
REQUEST URI : /jv/romantic-collection?product_id=53
MOD DETAILS:
   modFile   : /var/www/hipno/data/www/test.com/jv/vqmod/xml/controller.xml
   id        : modify header controller
   version   : 1
   vqmver    : 1.4.1
   author    : Hipno

File Name    : system/engine/controller.php(0)
VQModObject::applyMod - SEARCH NOT FOUND (ABORTING MOD): $this->data['text_logged'] = sprintf($this->language->get('text_logged'), $this->url->link('account/account', '', 'SSL'), $this->customer->getFirstName(), $this->url->link('account/logout', '', 'SSL'));

----------------------------------------------------------------------


---------- Date: 2014-09-04 14:05:17 ~ IP : 95.37.143.247 ----------
REQUEST URI : /jv/romantic-collection?product_id=53
MOD DETAILS:
   modFile   : /var/www/hipno/data/www/test.com/jv/vqmod/xml/controller.xml
   id        : modify header controller
   version   : 1
   vqmver    : 1.4.1
   author    : Hipno

File Name    : system/engine/controller.php(0)
VQModObject::applyMod - SEARCH NOT FOUND (ABORTING MOD): $this->data['text_logged'] = sprintf($this->language->get('text_logged'), $this->url->link('account/account', '', 'SSL'), $this->customer->getFirstName(), $this->url->link('account/logout', '', 'SSL'));

----------------------------------------------------------------------


---------- Date: 2014-09-04 14:06:59 ~ IP : 95.37.143.247 ----------
REQUEST URI : /jv/romantic-collection?product_id=53
MOD DETAILS:
   modFile   : /var/www/hipno/data/www/test.com/jv/vqmod/xml/controller.xml
   id        : modify header controller
   version   : 1
   vqmver    : 1.4.1
   author    : Hipno

File Name    : system/engine/controller.php(0)
VQModObject::applyMod - SEARCH NOT FOUND (ABORTING MOD): $this->data['text_logged'] = sprintf($this->language->get('text_logged'), $this->url->link('account/account', '', 'SSL'), $this->customer->getFirstName(), $this->url->link('account/logout', '', 'SSL'));

----------------------------------------------------------------------


---------- Date: 2014-09-04 14:08:35 ~ IP : 95.37.143.247 ----------
REQUEST URI : /jv/admin/index.php?route=ac_cms/article_set/ajaxsave&amp;id=1&amp;token=b5988160a798655e808f196aac85d30f
MOD DETAILS:
   modFile   : /var/www/hipno/data/www/test.com/jv/vqmod/xml/controller.xml
   id        : modify header controller
   version   : 1
   vqmver    : 1.4.1
   author    : Hipno

File Name    : system/engine/controller.php(0)
VQModObject::applyMod - SEARCH NOT FOUND (ABORTING MOD): $this->data['text_logged'] = sprintf($this->language->get('text_logged'), $this->url->link('account/account', '', 'SSL'), $this->customer->getFirstName(), $this->url->link('account/logout', '', 'SSL'));

----------------------------------------------------------------------


---------- Date: 2014-09-04 14:08:39 ~ IP : 95.37.143.247 ----------
REQUEST URI : /jv/romantic-collection?product_id=53
MOD DETAILS:
   modFile   : /var/www/hipno/data/www/test.com/jv/vqmod/xml/controller.xml
   id        : modify header controller
   version   : 1
   vqmver    : 1.4.1
   author    : Hipno

File Name    : system/engine/controller.php(0)
VQModObject::applyMod - SEARCH NOT FOUND (ABORTING MOD): $this->data['text_logged'] = sprintf($this->language->get('text_logged'), $this->url->link('account/account', '', 'SSL'), $this->customer->getFirstName(), $this->url->link('account/logout', '', 'SSL'));

----------------------------------------------------------------------


---------- Date: 2014-09-04 14:11:20 ~ IP : 95.37.143.247 ----------
REQUEST URI : /jv/romantic-collection?product_id=53
MOD DETAILS:
   modFile   : /var/www/hipno/data/www/test.com/jv/vqmod/xml/controller.xml
   id        : modify header controller
   version   : 1
   vqmver    : 1.4.1
   author    : Hipno

File Name    : system/engine/controller.php(0)
VQModObject::applyMod - SEARCH NOT FOUND (ABORTING MOD): $this->data['text_logged'] = sprintf($this->language->get('text_logged'), $this->url->link('account/account', '', 'SSL'), $this->customer->getFirstName(), $this->url->link('account/logout', '', 'SSL'));

----------------------------------------------------------------------


---------- Date: 2014-09-04 14:13:40 ~ IP : 95.37.143.247 ----------
REQUEST URI : /jv/romantic-collection?product_id=53
MOD DETAILS:
   modFile   : /var/www/hipno/data/www/test.com/jv/vqmod/xml/controller.xml
   id        : modify header controller
   version   : 1
   vqmver    : 1.4.1
   author    : Hipno

File Name    : system/engine/controller.php(0)
VQModObject::applyMod - SEARCH NOT FOUND (ABORTING MOD): $this->data['text_logged'] = sprintf($this->language->get('text_logged'), $this->url->link('account/account', '', 'SSL'), $this->customer->getFirstName(), $this->url->link('account/logout', '', 'SSL'));

----------------------------------------------------------------------


---------- Date: 2014-09-04 14:13:56 ~ IP : 95.37.143.247 ----------
REQUEST URI : /jv/romantic-collection?product_id=53
MOD DETAILS:
   modFile   : /var/www/hipno/data/www/test.com/jv/vqmod/xml/controller.xml
   id        : modify header controller
   version   : 1
   vqmver    : 1.4.1
   author    : Hipno

File Name    : system/engine/controller.php(0)
VQModObject::applyMod - SEARCH NOT FOUND (ABORTING MOD): $this->data['text_logged'] = sprintf($this->language->get('text_logged'), $this->url->link('account/account', '', 'SSL'), $this->customer->getFirstName(), $this->url->link('account/logout', '', 'SSL'));

----------------------------------------------------------------------


---------- Date: 2014-09-04 14:18:22 ~ IP : 95.37.143.247 ----------
REQUEST URI : /jv/admin/index.php?route=setting/store&amp;token=b5988160a798655e808f196aac85d30f
MOD DETAILS:
   modFile   : /var/www/hipno/data/www/test.com/jv/vqmod/xml/controller.xml
   id        : modify header controller
   version   : 1
   vqmver    : 1.4.1
   author    : Hipno

File Name    : system/engine/controller.php(0)
VQModObject::applyMod - SEARCH NOT FOUND (ABORTING MOD): $this->data['text_logged'] = sprintf($this->language->get('text_logged'), $this->url->link('account/account', '', 'SSL'), $this->customer->getFirstName(), $this->url->link('account/logout', '', 'SSL'));

----------------------------------------------------------------------


---------- Date: 2014-09-04 14:24:55 ~ IP : 95.37.143.247 ----------
REQUEST URI : /jv/admin/index.php?route=ac_cms/control_panel&amp;token=b5988160a798655e808f196aac85d30f
MOD DETAILS:
   modFile   : /var/www/hipno/data/www/test.com/jv/vqmod/xml/controller.xml
   id        : modify header controller
   version   : 1
   vqmver    : 1.4.1
   author    : Hipno

File Name    : system/engine/controller.php(0)
VQModObject::applyMod - SEARCH NOT FOUND (ABORTING MOD): $this->data['text_logged'] = sprintf($this->language->get('text_logged'), $this->url->link('account/account', '', 'SSL'), $this->customer->getFirstName(), $this->url->link('account/logout', '', 'SSL'));

----------------------------------------------------------------------


---------- Date: 2014-09-04 14:25:23 ~ IP : 95.37.143.247 ----------
REQUEST URI : /jv/romantic-collection?product_id=53
MOD DETAILS:
   modFile   : /var/www/hipno/data/www/test.com/jv/vqmod/xml/product.xml
   id        : modify product controller
   version   : 1
   vqmver    : 1.4.1
   author    : Hipno

File Name    : catalog/controller/product/product.php(3)
VQModObject::applyMod - EMPTY SEARCH CONTENT ERROR

File Name    : catalog/controller/product/product.php(3)
VQModObject::applyMod - SEARCH NOT FOUND (ABORTING MOD): 
----------------------------------------------------------------------


---------- Date: 2014-09-04 14:26:17 ~ IP : 95.37.143.247 ----------
REQUEST URI : /jv/romantic-collection?product_id=53
MOD DETAILS:
   modFile   : /var/www/hipno/data/www/test.com/jv/vqmod/xml/controller.xml
   id        : modify header controller
   version   : 1
   vqmver    : 1.4.1
   author    : Hipno

File Name    : system/engine/controller.php(0)
VQModObject::applyMod - SEARCH NOT FOUND (ABORTING MOD): $this->data['text_logged'] = sprintf($this->language->get('text_logged'), $this->url->link('account/account', '', 'SSL'), $this->customer->getFirstName(), $this->url->link('account/logout', '', 'SSL'));

----------------------------------------------------------------------


---------- Date: 2014-09-04 14:27:37 ~ IP : 95.37.143.247 ----------
REQUEST URI : /jv/admin/index.php?route=ac_cms/article_set/ajaxsave&amp;id=1&amp;token=b5988160a798655e808f196aac85d30f
MOD DETAILS:
   modFile   : /var/www/hipno/data/www/test.com/jv/vqmod/xml/controller.xml
   id        : modify header controller
   version   : 1
   vqmver    : 1.4.1
   author    : Hipno

File Name    : system/engine/controller.php(0)
VQModObject::applyMod - SEARCH NOT FOUND (ABORTING MOD): $this->data['text_logged'] = sprintf($this->language->get('text_logged'), $this->url->link('account/account', '', 'SSL'), $this->customer->getFirstName(), $this->url->link('account/logout', '', 'SSL'));

----------------------------------------------------------------------


---------- Date: 2014-09-04 14:27:41 ~ IP : 95.37.143.247 ----------
REQUEST URI : /jv/romantic-collection?product_id=53
MOD DETAILS:
   modFile   : /var/www/hipno/data/www/test.com/jv/vqmod/xml/controller.xml
   id        : modify header controller
   version   : 1
   vqmver    : 1.4.1
   author    : Hipno

File Name    : system/engine/controller.php(0)
VQModObject::applyMod - SEARCH NOT FOUND (ABORTING MOD): $this->data['text_logged'] = sprintf($this->language->get('text_logged'), $this->url->link('account/account', '', 'SSL'), $this->customer->getFirstName(), $this->url->link('account/logout', '', 'SSL'));

----------------------------------------------------------------------


---------- Date: 2014-09-04 14:28:00 ~ IP : 95.37.143.247 ----------
REQUEST URI : /jv/index.php?route=common/home
MOD DETAILS:
   modFile   : /var/www/hipno/data/www/test.com/jv/vqmod/xml/controller.xml
   id        : modify header controller
   version   : 1
   vqmver    : 1.4.1
   author    : Hipno

File Name    : system/engine/controller.php(0)
VQModObject::applyMod - SEARCH NOT FOUND (ABORTING MOD): $this->data['text_logged'] = sprintf($this->language->get('text_logged'), $this->url->link('account/account', '', 'SSL'), $this->customer->getFirstName(), $this->url->link('account/logout', '', 'SSL'));

----------------------------------------------------------------------


---------- Date: 2014-09-04 14:28:01 ~ IP : 95.37.143.247 ----------
REQUEST URI : /jv/assortment
MOD DETAILS:
   modFile   : /var/www/hipno/data/www/test.com/jv/vqmod/xml/controller.xml
   id        : modify header controller
   version   : 1
   vqmver    : 1.4.1
   author    : Hipno

File Name    : system/engine/controller.php(0)
VQModObject::applyMod - SEARCH NOT FOUND (ABORTING MOD): $this->data['text_logged'] = sprintf($this->language->get('text_logged'), $this->url->link('account/account', '', 'SSL'), $this->customer->getFirstName(), $this->url->link('account/logout', '', 'SSL'));

----------------------------------------------------------------------


---------- Date: 2014-09-04 14:28:20 ~ IP : 95.37.143.247 ----------
REQUEST URI : /jv/assortment/chocolate-3
MOD DETAILS:
   modFile   : /var/www/hipno/data/www/test.com/jv/vqmod/xml/controller.xml
   id        : modify header controller
   version   : 1
   vqmver    : 1.4.1
   author    : Hipno

File Name    : system/engine/controller.php(0)
VQModObject::applyMod - SEARCH NOT FOUND (ABORTING MOD): $this->data['text_logged'] = sprintf($this->language->get('text_logged'), $this->url->link('account/account', '', 'SSL'), $this->customer->getFirstName(), $this->url->link('account/logout', '', 'SSL'));

----------------------------------------------------------------------


---------- Date: 2014-09-04 14:28:27 ~ IP : 95.37.143.247 ----------
REQUEST URI : /jv/assortment
MOD DETAILS:
   modFile   : /var/www/hipno/data/www/test.com/jv/vqmod/xml/controller.xml
   id        : modify header controller
   version   : 1
   vqmver    : 1.4.1
   author    : Hipno

File Name    : system/engine/controller.php(0)
VQModObject::applyMod - SEARCH NOT FOUND (ABORTING MOD): $this->data['text_logged'] = sprintf($this->language->get('text_logged'), $this->url->link('account/account', '', 'SSL'), $this->customer->getFirstName(), $this->url->link('account/logout', '', 'SSL'));

----------------------------------------------------------------------


---------- Date: 2014-09-04 14:31:04 ~ IP : 95.37.143.247 ----------
REQUEST URI : /jv/admin/index.php?route=ac_cms/article_set/ajaxsave&amp;id=1&amp;token=b5988160a798655e808f196aac85d30f
MOD DETAILS:
   modFile   : /var/www/hipno/data/www/test.com/jv/vqmod/xml/controller.xml
   id        : modify header controller
   version   : 1
   vqmver    : 1.4.1
   author    : Hipno

File Name    : system/engine/controller.php(0)
VQModObject::applyMod - SEARCH NOT FOUND (ABORTING MOD): $this->data['text_logged'] = sprintf($this->language->get('text_logged'), $this->url->link('account/account', '', 'SSL'), $this->customer->getFirstName(), $this->url->link('account/logout', '', 'SSL'));

----------------------------------------------------------------------


