---------- Date: 2014-08-08 18:58:04 ~ IP : 109.184.204.25 ----------
REQUEST URI : /jv/about-us/history-of-chokolate
MOD DETAILS:
   modFile   : /var/www/hipno/data/www/test.com/jv/vqmod/xml/controller.xml
   id        : modify header controller
   version   : 1
   vqmver    : 1.4.1
   author    : Hipno

File Name    : system/engine/controller.php(0)
VQModObject::applyMod - SEARCH NOT FOUND (ABORTING MOD): $this->data['text_logged'] = sprintf($this->language->get('text_logged'), $this->url->link('account/account', '', 'SSL'), $this->customer->getFirstName(), $this->url->link('account/logout', '', 'SSL'));

----------------------------------------------------------------------


---------- Date: 2014-08-08 19:02:26 ~ IP : 109.184.204.25 ----------
REQUEST URI : /jv/about-us/history-of-chokolate
MOD DETAILS:
   modFile   : /var/www/hipno/data/www/test.com/jv/vqmod/xml/controller.xml
   id        : modify header controller
   version   : 1
   vqmver    : 1.4.1
   author    : Hipno

File Name    : system/engine/controller.php(0)
VQModObject::applyMod - SEARCH NOT FOUND (ABORTING MOD): $this->data['text_logged'] = sprintf($this->language->get('text_logged'), $this->url->link('account/account', '', 'SSL'), $this->customer->getFirstName(), $this->url->link('account/logout', '', 'SSL'));

----------------------------------------------------------------------


